CAMB called 100 times; 0 errors
CAMB called 200 times; 0 errors
CAMB called 300 times; 0 errors
CAMB called 400 times; 0 errors
CAMB called 500 times; 0 errors
CAMB called 600 times; 0 errors
CAMB called 700 times; 0 errors
CAMB called 800 times; 0 errors
CAMB called 900 times; 0 errors
CAMB called 1000 times; 0 errors
CAMB called 1100 times; 0 errors
CAMB called 1200 times; 0 errors
 Current convergence R-1 =    10.68974      chain steps =        1410
 slow changes        1231  power changes           0
CAMB called 1300 times; 0 errors
CAMB called 1400 times; 0 errors
CAMB called 1500 times; 0 errors
CAMB called 1600 times; 0 errors
CAMB called 1700 times; 0 errors
CAMB called 1800 times; 0 errors
CAMB called 1900 times; 0 errors
CAMB called 2000 times; 0 errors
CAMB called 2100 times; 0 errors
CAMB called 2200 times; 0 errors
CAMB called 2300 times; 0 errors
CAMB called 2400 times; 0 errors
 Current convergence R-1 =    11.92392      chain steps =        2813
 slow changes        2417  power changes           0
CAMB called 2500 times; 0 errors
CAMB called 2600 times; 0 errors
CAMB called 2700 times; 0 errors
CAMB called 2800 times; 0 errors
CAMB called 2900 times; 0 errors
CAMB called 3000 times; 0 errors
CAMB called 3100 times; 0 errors
CAMB called 3200 times; 0 errors
CAMB called 3300 times; 0 errors
CAMB called 3400 times; 0 errors
CAMB called 3500 times; 0 errors
 Current convergence R-1 =    1.067248      chain steps =        4210
 slow changes        3574  power changes           0
CAMB called 3600 times; 0 errors
CAMB called 3700 times; 0 errors
CAMB called 3800 times; 0 errors
CAMB called 3900 times; 0 errors
CAMB called 4000 times; 0 errors
CAMB called 4100 times; 0 errors
CAMB called 4200 times; 0 errors
CAMB called 4300 times; 0 errors
CAMB called 4400 times; 0 errors
CAMB called 4500 times; 0 errors
CAMB called 4600 times; 0 errors
 Current convergence R-1 =   0.2633712      chain steps =        5610
 slow changes        4626  power changes           0
CAMB called 4700 times; 0 errors
CAMB called 4800 times; 0 errors
CAMB called 4900 times; 0 errors
CAMB called 5000 times; 0 errors
CAMB called 5100 times; 0 errors
CAMB called 5200 times; 0 errors
CAMB called 5300 times; 0 errors
CAMB called 5400 times; 0 errors
CAMB called 5500 times; 0 errors
CAMB called 5600 times; 0 errors
 Current convergence R-1 =   0.1996104      chain steps =        7010
 slow changes        5667  power changes           0
CAMB called 5700 times; 0 errors
CAMB called 5800 times; 0 errors
CAMB called 5900 times; 0 errors
CAMB called 6000 times; 0 errors
CAMB called 6100 times; 0 errors
CAMB called 6200 times; 0 errors
CAMB called 6300 times; 0 errors
CAMB called 6400 times; 0 errors
CAMB called 6500 times; 0 errors
CAMB called 6600 times; 0 errors
 Current convergence R-1 =   0.2890951      chain steps =        8411
 slow changes        6686  power changes           0
CAMB called 6700 times; 0 errors
CAMB called 6800 times; 0 errors
CAMB called 6900 times; 0 errors
CAMB called 7000 times; 0 errors
CAMB called 7100 times; 0 errors
CAMB called 7200 times; 0 errors
CAMB called 7300 times; 0 errors
CAMB called 7400 times; 0 errors
CAMB called 7500 times; 0 errors
CAMB called 7600 times; 0 errors
 Current convergence R-1 =   0.2287246      chain steps =        9813
 slow changes        7656  power changes           0
CAMB called 7700 times; 0 errors
CAMB called 7800 times; 0 errors
CAMB called 7900 times; 0 errors
CAMB called 8000 times; 0 errors
CAMB called 8100 times; 0 errors
CAMB called 8200 times; 0 errors
CAMB called 8300 times; 0 errors
CAMB called 8400 times; 0 errors
CAMB called 8500 times; 0 errors
CAMB called 8600 times; 0 errors
 Current convergence R-1 =   0.1897474      chain steps =       11211
 slow changes        8698  power changes           0
CAMB called 8700 times; 0 errors
CAMB called 8800 times; 0 errors
CAMB called 8900 times; 0 errors
CAMB called 9000 times; 0 errors
CAMB called 9100 times; 0 errors
CAMB called 9200 times; 0 errors
CAMB called 9300 times; 0 errors
CAMB called 9400 times; 0 errors
CAMB called 9500 times; 0 errors
CAMB called 9600 times; 0 errors
 Current convergence R-1 =   0.1060886      chain steps =       12610
 slow changes        9691  power changes           0
CAMB called 9700 times; 0 errors
CAMB called 9800 times; 0 errors
CAMB called 9900 times; 0 errors
CAMB called 10000 times; 0 errors
CAMB called 10100 times; 0 errors
CAMB called 10200 times; 0 errors
CAMB called 10300 times; 0 errors
CAMB called 10400 times; 0 errors
CAMB called 10500 times; 0 errors
CAMB called 10600 times; 0 errors
CAMB called 10700 times; 0 errors
 Current convergence R-1 =   7.8792721E-02  chain steps =       14010
 slow changes       10707  power changes           0
CAMB called 10800 times; 0 errors
CAMB called 10900 times; 0 errors
CAMB called 11000 times; 0 errors
CAMB called 11100 times; 0 errors
CAMB called 11200 times; 0 errors
CAMB called 11300 times; 0 errors
CAMB called 11400 times; 0 errors
CAMB called 11500 times; 0 errors
CAMB called 11600 times; 0 errors
CAMB called 11700 times; 0 errors
 Current convergence R-1 =   7.2075836E-02  chain steps =       15410
 slow changes       11744  power changes           0
CAMB called 11800 times; 0 errors
CAMB called 11900 times; 0 errors
CAMB called 12000 times; 0 errors
CAMB called 12100 times; 0 errors
CAMB called 12200 times; 0 errors
CAMB called 12300 times; 0 errors
CAMB called 12400 times; 0 errors
CAMB called 12500 times; 0 errors
CAMB called 12600 times; 0 errors
CAMB called 12700 times; 0 errors
 Current convergence R-1 =   0.1331728      chain steps =       16814
 slow changes       12749  power changes           0
CAMB called 12800 times; 0 errors
CAMB called 12900 times; 0 errors
CAMB called 13000 times; 0 errors
CAMB called 13100 times; 0 errors
CAMB called 13200 times; 0 errors
CAMB called 13300 times; 0 errors
CAMB called 13400 times; 0 errors
CAMB called 13500 times; 0 errors
CAMB called 13600 times; 0 errors
CAMB called 13700 times; 0 errors
 Current convergence R-1 =   0.1364139      chain steps =       18210
 slow changes       13768  power changes           0
CAMB called 13800 times; 0 errors
CAMB called 13900 times; 0 errors
CAMB called 14000 times; 0 errors
CAMB called 14100 times; 0 errors
CAMB called 14200 times; 0 errors
CAMB called 14300 times; 0 errors
CAMB called 14400 times; 0 errors
CAMB called 14500 times; 0 errors
CAMB called 14600 times; 0 errors
CAMB called 14700 times; 0 errors
 Current convergence R-1 =   0.1541436      chain steps =       19610
 slow changes       14785  power changes           0
CAMB called 14800 times; 0 errors
CAMB called 14900 times; 0 errors
CAMB called 15000 times; 0 errors
CAMB called 15100 times; 0 errors
CAMB called 15200 times; 0 errors
CAMB called 15300 times; 0 errors
CAMB called 15400 times; 0 errors
CAMB called 15500 times; 0 errors
CAMB called 15600 times; 0 errors
CAMB called 15700 times; 0 errors
 Current convergence R-1 =   0.1491060      chain steps =       21011
 slow changes       15783  power changes           0
CAMB called 15800 times; 0 errors
CAMB called 15900 times; 0 errors
CAMB called 16000 times; 0 errors
CAMB called 16100 times; 0 errors
CAMB called 16200 times; 0 errors
CAMB called 16300 times; 0 errors
CAMB called 16400 times; 0 errors
CAMB called 16500 times; 0 errors
CAMB called 16600 times; 0 errors
CAMB called 16700 times; 0 errors
 Current convergence R-1 =   9.0797164E-02  chain steps =       22410
 slow changes       16752  power changes           0
CAMB called 16800 times; 0 errors
CAMB called 16900 times; 0 errors
CAMB called 17000 times; 0 errors
CAMB called 17100 times; 0 errors
CAMB called 17200 times; 0 errors
CAMB called 17300 times; 0 errors
CAMB called 17400 times; 0 errors
CAMB called 17500 times; 0 errors
CAMB called 17600 times; 0 errors
CAMB called 17700 times; 0 errors
 Current convergence R-1 =   5.9425820E-02  chain steps =       23810
 slow changes       17761  power changes           0
CAMB called 17800 times; 0 errors
CAMB called 17900 times; 0 errors
CAMB called 18000 times; 0 errors
CAMB called 18100 times; 0 errors
CAMB called 18200 times; 0 errors
CAMB called 18300 times; 0 errors
CAMB called 18400 times; 0 errors
CAMB called 18500 times; 0 errors
CAMB called 18600 times; 0 errors
CAMB called 18700 times; 0 errors
 Current convergence R-1 =   3.8499381E-02  chain steps =       25210
 slow changes       18744  power changes           0
CAMB called 18800 times; 0 errors
CAMB called 18900 times; 0 errors
CAMB called 19000 times; 0 errors
CAMB called 19100 times; 0 errors
CAMB called 19200 times; 0 errors
CAMB called 19300 times; 0 errors
CAMB called 19400 times; 0 errors
CAMB called 19500 times; 0 errors
CAMB called 19600 times; 0 errors
CAMB called 19700 times; 0 errors
 Current convergence R-1 =   5.1575530E-02  chain steps =       26610
 slow changes       19780  power changes           0
CAMB called 19800 times; 0 errors
CAMB called 19900 times; 0 errors
CAMB called 20000 times; 0 errors
CAMB called 20100 times; 0 errors
CAMB called 20200 times; 0 errors
CAMB called 20300 times; 0 errors
CAMB called 20400 times; 0 errors
CAMB called 20500 times; 0 errors
CAMB called 20600 times; 0 errors
CAMB called 20700 times; 0 errors
CAMB called 20800 times; 0 errors
 Current convergence R-1 =   7.4414380E-02  chain steps =       28011
 slow changes       20806  power changes           0
CAMB called 20900 times; 0 errors
CAMB called 21000 times; 0 errors
CAMB called 21100 times; 0 errors
CAMB called 21200 times; 0 errors
CAMB called 21300 times; 0 errors
CAMB called 21400 times; 0 errors
CAMB called 21500 times; 0 errors
CAMB called 21600 times; 0 errors
CAMB called 21700 times; 0 errors
CAMB called 21800 times; 0 errors
 Current convergence R-1 =   7.3926531E-02  chain steps =       29410
 slow changes       21837  power changes           0
CAMB called 21900 times; 0 errors
CAMB called 22000 times; 0 errors
CAMB called 22100 times; 0 errors
CAMB called 22200 times; 0 errors
CAMB called 22300 times; 0 errors
CAMB called 22400 times; 0 errors
CAMB called 22500 times; 0 errors
CAMB called 22600 times; 0 errors
CAMB called 22700 times; 0 errors
CAMB called 22800 times; 0 errors
 Current convergence R-1 =   7.3002629E-02  chain steps =       30810
 slow changes       22814  power changes           0
CAMB called 22900 times; 0 errors
CAMB called 23000 times; 0 errors
CAMB called 23100 times; 0 errors
CAMB called 23200 times; 0 errors
CAMB called 23300 times; 0 errors
CAMB called 23400 times; 0 errors
CAMB called 23500 times; 0 errors
CAMB called 23600 times; 0 errors
CAMB called 23700 times; 0 errors
 Current convergence R-1 =   4.2970214E-02  chain steps =       32210
 slow changes       23788  power changes           0
CAMB called 23800 times; 0 errors
CAMB called 23900 times; 0 errors
CAMB called 24000 times; 0 errors
CAMB called 24100 times; 0 errors
CAMB called 24200 times; 0 errors
CAMB called 24300 times; 0 errors
CAMB called 24400 times; 0 errors
CAMB called 24500 times; 0 errors
CAMB called 24600 times; 0 errors
CAMB called 24700 times; 0 errors
CAMB called 24800 times; 0 errors
 Current convergence R-1 =   4.9030382E-02  chain steps =       33610
 slow changes       24841  power changes           0
CAMB called 24900 times; 0 errors
CAMB called 25000 times; 0 errors
CAMB called 25100 times; 0 errors
CAMB called 25200 times; 0 errors
CAMB called 25300 times; 0 errors
CAMB called 25400 times; 0 errors
CAMB called 25500 times; 0 errors
CAMB called 25600 times; 0 errors
CAMB called 25700 times; 0 errors
CAMB called 25800 times; 0 errors
 Current convergence R-1 =   5.0268728E-02  chain steps =       35010
 slow changes       25800  power changes           0
CAMB called 25900 times; 0 errors
CAMB called 26000 times; 0 errors
CAMB called 26100 times; 0 errors
CAMB called 26200 times; 0 errors
CAMB called 26300 times; 0 errors
CAMB called 26400 times; 0 errors
CAMB called 26500 times; 0 errors
CAMB called 26600 times; 0 errors
CAMB called 26700 times; 0 errors
 Current convergence R-1 =   4.7427393E-02  chain steps =       36410
 slow changes       26793  power changes           0
CAMB called 26800 times; 0 errors
CAMB called 26900 times; 0 errors
CAMB called 27000 times; 0 errors
CAMB called 27100 times; 0 errors
CAMB called 27200 times; 0 errors
CAMB called 27300 times; 0 errors
CAMB called 27400 times; 0 errors
CAMB called 27500 times; 0 errors
CAMB called 27600 times; 0 errors
CAMB called 27700 times; 0 errors
CAMB called 27800 times; 0 errors
 Current convergence R-1 =   4.1782141E-02  chain steps =       37810
 slow changes       27806  power changes           0
CAMB called 27900 times; 0 errors
CAMB called 28000 times; 0 errors
CAMB called 28100 times; 0 errors
CAMB called 28200 times; 0 errors
CAMB called 28300 times; 0 errors
CAMB called 28400 times; 0 errors
CAMB called 28500 times; 0 errors
CAMB called 28600 times; 0 errors
CAMB called 28700 times; 0 errors
CAMB called 28800 times; 0 errors
 Current convergence R-1 =   3.4922525E-02  chain steps =       39210
 slow changes       28809  power changes           0
CAMB called 28900 times; 0 errors
CAMB called 29000 times; 0 errors
CAMB called 29100 times; 0 errors
CAMB called 29200 times; 0 errors
CAMB called 29300 times; 0 errors
CAMB called 29400 times; 0 errors
CAMB called 29500 times; 0 errors
CAMB called 29600 times; 0 errors
CAMB called 29700 times; 0 errors
CAMB called 29800 times; 0 errors
 Current convergence R-1 =   3.4074549E-02  chain steps =       40611
 slow changes       29834  power changes           0
CAMB called 29900 times; 0 errors
CAMB called 30000 times; 0 errors
CAMB called 30100 times; 0 errors
CAMB called 30200 times; 0 errors
CAMB called 30300 times; 0 errors
CAMB called 30400 times; 0 errors
CAMB called 30500 times; 0 errors
CAMB called 30600 times; 0 errors
CAMB called 30700 times; 0 errors
CAMB called 30800 times; 0 errors
 Current convergence R-1 =   2.4397979E-02  chain steps =       42010
 slow changes       30802  power changes           0
CAMB called 30900 times; 0 errors
CAMB called 31000 times; 0 errors
CAMB called 31100 times; 0 errors
CAMB called 31200 times; 0 errors
CAMB called 31300 times; 0 errors
CAMB called 31400 times; 0 errors
CAMB called 31500 times; 0 errors
CAMB called 31600 times; 0 errors
CAMB called 31700 times; 0 errors
CAMB called 31800 times; 0 errors
 Current convergence R-1 =   2.0936266E-02  chain steps =       43410
 slow changes       31848  power changes           0
CAMB called 31900 times; 0 errors
CAMB called 32000 times; 0 errors
CAMB called 32100 times; 0 errors
CAMB called 32200 times; 0 errors
CAMB called 32300 times; 0 errors
CAMB called 32400 times; 0 errors
CAMB called 32500 times; 0 errors
CAMB called 32600 times; 0 errors
CAMB called 32700 times; 0 errors
CAMB called 32800 times; 0 errors
 Current convergence R-1 =   2.8142085E-02  chain steps =       44810
 slow changes       32879  power changes           0
CAMB called 32900 times; 0 errors
CAMB called 33000 times; 0 errors
CAMB called 33100 times; 0 errors
CAMB called 33200 times; 0 errors
CAMB called 33300 times; 0 errors
CAMB called 33400 times; 0 errors
CAMB called 33500 times; 0 errors
CAMB called 33600 times; 0 errors
CAMB called 33700 times; 0 errors
Re-starting from checkpoint
CAMB called 100 times; 0 errors
 Current convergence R-1 =   2.0892557E-02  chain steps =         211
 slow changes         137  power changes           0
CAMB called 200 times; 0 errors
CAMB called 300 times; 0 errors
CAMB called 400 times; 0 errors
CAMB called 500 times; 0 errors
CAMB called 600 times; 0 errors
CAMB called 700 times; 0 errors
CAMB called 800 times; 0 errors
CAMB called 900 times; 0 errors
CAMB called 1000 times; 0 errors
CAMB called 1100 times; 0 errors
 Current convergence R-1 =   2.0168573E-02  chain steps =        1611
 slow changes        1160  power changes           0
CAMB called 1200 times; 0 errors
CAMB called 1300 times; 0 errors
CAMB called 1400 times; 0 errors
CAMB called 1500 times; 0 errors
CAMB called 1600 times; 0 errors
CAMB called 1700 times; 0 errors
CAMB called 1800 times; 0 errors
CAMB called 1900 times; 0 errors
CAMB called 2000 times; 0 errors
CAMB called 2100 times; 0 errors
 Current convergence R-1 =   2.2382639E-02  chain steps =        3011
 slow changes        2120  power changes           0
CAMB called 2200 times; 0 errors
CAMB called 2300 times; 0 errors
CAMB called 2400 times; 0 errors
CAMB called 2500 times; 0 errors
CAMB called 2600 times; 0 errors
CAMB called 2700 times; 0 errors
CAMB called 2800 times; 0 errors
CAMB called 2900 times; 0 errors
CAMB called 3000 times; 0 errors
CAMB called 3100 times; 0 errors
 Current convergence R-1 =   2.6302435E-02  chain steps =        4411
 slow changes        3113  power changes           0
CAMB called 3200 times; 0 errors
CAMB called 3300 times; 0 errors
CAMB called 3400 times; 0 errors
CAMB called 3500 times; 0 errors
CAMB called 3600 times; 0 errors
CAMB called 3700 times; 0 errors
CAMB called 3800 times; 0 errors
CAMB called 3900 times; 0 errors
CAMB called 4000 times; 0 errors
CAMB called 4100 times; 0 errors
 Current convergence R-1 =   2.3399740E-02  chain steps =        5811
 slow changes        4164  power changes           0
CAMB called 4200 times; 0 errors
CAMB called 4300 times; 0 errors
CAMB called 4400 times; 0 errors
CAMB called 4500 times; 0 errors
CAMB called 4600 times; 0 errors
CAMB called 4700 times; 0 errors
CAMB called 4800 times; 0 errors
CAMB called 4900 times; 0 errors
CAMB called 5000 times; 0 errors
CAMB called 5100 times; 0 errors
 Current convergence R-1 =   2.2794465E-02  chain steps =        7211
 slow changes        5169  power changes           0
CAMB called 5200 times; 0 errors
CAMB called 5300 times; 0 errors
CAMB called 5400 times; 0 errors
CAMB called 5500 times; 0 errors
CAMB called 5600 times; 0 errors
CAMB called 5700 times; 0 errors
CAMB called 5800 times; 0 errors
CAMB called 5900 times; 0 errors
CAMB called 6000 times; 0 errors
CAMB called 6100 times; 0 errors
 Current convergence R-1 =   1.8145142E-02  chain steps =        8611
 slow changes        6150  power changes           0
CAMB called 6200 times; 0 errors
CAMB called 6300 times; 0 errors
CAMB called 6400 times; 0 errors
CAMB called 6500 times; 0 errors
CAMB called 6600 times; 0 errors
CAMB called 6700 times; 0 errors
CAMB called 6800 times; 0 errors
CAMB called 6900 times; 0 errors
CAMB called 7000 times; 0 errors
CAMB called 7100 times; 0 errors
 Current convergence R-1 =   1.8716808E-02  chain steps =       10011
 slow changes        7199  power changes           0
CAMB called 7200 times; 0 errors
CAMB called 7300 times; 0 errors
CAMB called 7400 times; 0 errors
CAMB called 7500 times; 0 errors
CAMB called 7600 times; 0 errors
CAMB called 7700 times; 0 errors
CAMB called 7800 times; 0 errors
CAMB called 7900 times; 0 errors
CAMB called 8000 times; 0 errors
CAMB called 8100 times; 0 errors
CAMB called 8200 times; 0 errors
 Current convergence R-1 =   2.1737423E-02  chain steps =       11411
 slow changes        8200  power changes           0
CAMB called 8300 times; 0 errors
CAMB called 8400 times; 0 errors
CAMB called 8500 times; 0 errors
CAMB called 8600 times; 0 errors
CAMB called 8700 times; 0 errors
CAMB called 8800 times; 0 errors
CAMB called 8900 times; 0 errors
CAMB called 9000 times; 0 errors
CAMB called 9100 times; 0 errors
 Current convergence R-1 =   1.7997442E-02  chain steps =       12811
 slow changes        9174  power changes           0
CAMB called 9200 times; 0 errors
CAMB called 9300 times; 0 errors
CAMB called 9400 times; 0 errors
CAMB called 9500 times; 0 errors
CAMB called 9600 times; 0 errors
CAMB called 9700 times; 0 errors
CAMB called 9800 times; 0 errors
CAMB called 9900 times; 0 errors
CAMB called 10000 times; 0 errors
CAMB called 10100 times; 0 errors
CAMB called 10200 times; 0 errors
 Current convergence R-1 =   1.9246161E-02  chain steps =       14211
 slow changes       10216  power changes           0
CAMB called 10300 times; 0 errors
CAMB called 10400 times; 0 errors
CAMB called 10500 times; 0 errors
CAMB called 10600 times; 0 errors
CAMB called 10700 times; 0 errors
CAMB called 10800 times; 0 errors
CAMB called 10900 times; 0 errors
CAMB called 11000 times; 0 errors
CAMB called 11100 times; 0 errors
 Current convergence R-1 =   1.5294312E-02  chain steps =       15611
 slow changes       11176  power changes           0
CAMB called 11200 times; 0 errors
CAMB called 11300 times; 0 errors
CAMB called 11400 times; 0 errors
CAMB called 11500 times; 0 errors
CAMB called 11600 times; 0 errors
CAMB called 11700 times; 0 errors
CAMB called 11800 times; 0 errors
CAMB called 11900 times; 0 errors
CAMB called 12000 times; 0 errors
CAMB called 12100 times; 0 errors
 Current convergence R-1 =   1.5629897E-02  chain steps =       17012
 slow changes       12171  power changes           0
CAMB called 12200 times; 0 errors
CAMB called 12300 times; 0 errors
CAMB called 12400 times; 0 errors
CAMB called 12500 times; 0 errors
CAMB called 12600 times; 0 errors
CAMB called 12700 times; 0 errors
CAMB called 12800 times; 0 errors
CAMB called 12900 times; 0 errors
CAMB called 13000 times; 0 errors
CAMB called 13100 times; 0 errors
CAMB called 13200 times; 0 errors
 Current convergence R-1 =   1.6438788E-02  chain steps =       18411
 slow changes       13234  power changes           0
CAMB called 13300 times; 0 errors
CAMB called 13400 times; 0 errors
CAMB called 13500 times; 0 errors
CAMB called 13600 times; 0 errors
CAMB called 13700 times; 0 errors
CAMB called 13800 times; 0 errors
CAMB called 13900 times; 0 errors
CAMB called 14000 times; 0 errors
CAMB called 14100 times; 0 errors
 Current convergence R-1 =   1.6442688E-02  chain steps =       19811
 slow changes       14164  power changes           0
CAMB called 14200 times; 0 errors
CAMB called 14300 times; 0 errors
CAMB called 14400 times; 0 errors
CAMB called 14500 times; 0 errors
CAMB called 14600 times; 0 errors
CAMB called 14700 times; 0 errors
CAMB called 14800 times; 0 errors
CAMB called 14900 times; 0 errors
CAMB called 15000 times; 0 errors
CAMB called 15100 times; 0 errors
 Current convergence R-1 =   1.8178055E-02  chain steps =       21213
 slow changes       15121  power changes           0
CAMB called 15200 times; 0 errors
CAMB called 15300 times; 0 errors
CAMB called 15400 times; 0 errors
CAMB called 15500 times; 0 errors
CAMB called 15600 times; 0 errors
CAMB called 15700 times; 0 errors
CAMB called 15800 times; 0 errors
CAMB called 15900 times; 0 errors
CAMB called 16000 times; 0 errors
 Current convergence R-1 =   1.6995084E-02  chain steps =       22614
 slow changes       16089  power changes           0
CAMB called 16100 times; 0 errors
CAMB called 16200 times; 0 errors
CAMB called 16300 times; 0 errors
CAMB called 16400 times; 0 errors
CAMB called 16500 times; 0 errors
CAMB called 16600 times; 0 errors
CAMB called 16700 times; 0 errors
CAMB called 16800 times; 0 errors
CAMB called 16900 times; 0 errors
CAMB called 17000 times; 0 errors
CAMB called 17100 times; 0 errors
 Current convergence R-1 =   1.9558428E-02  chain steps =       24013
 slow changes       17112  power changes           0
CAMB called 17200 times; 0 errors
CAMB called 17300 times; 0 errors
CAMB called 17400 times; 0 errors
CAMB called 17500 times; 0 errors
CAMB called 17600 times; 0 errors
CAMB called 17700 times; 0 errors
CAMB called 17800 times; 0 errors
CAMB called 17900 times; 0 errors
CAMB called 18000 times; 0 errors
 Current convergence R-1 =   1.8840786E-02  chain steps =       25411
 slow changes       18081  power changes           0
CAMB called 18100 times; 0 errors
CAMB called 18200 times; 0 errors
CAMB called 18300 times; 0 errors
CAMB called 18400 times; 0 errors
CAMB called 18500 times; 0 errors
CAMB called 18600 times; 0 errors
CAMB called 18700 times; 0 errors
CAMB called 18800 times; 0 errors
CAMB called 18900 times; 0 errors
CAMB called 19000 times; 0 errors
CAMB called 19100 times; 0 errors
 Current convergence R-1 =   1.6898988E-02  chain steps =       26811
 slow changes       19104  power changes           0
CAMB called 19200 times; 0 errors
CAMB called 19300 times; 0 errors
CAMB called 19400 times; 0 errors
CAMB called 19500 times; 0 errors
CAMB called 19600 times; 0 errors
CAMB called 19700 times; 0 errors
CAMB called 19800 times; 0 errors
CAMB called 19900 times; 0 errors
CAMB called 20000 times; 0 errors
CAMB called 20100 times; 0 errors
 Current convergence R-1 =   1.6857149E-02  chain steps =       28211
 slow changes       20111  power changes           0
CAMB called 20200 times; 0 errors
CAMB called 20300 times; 0 errors
CAMB called 20400 times; 0 errors
CAMB called 20500 times; 0 errors
CAMB called 20600 times; 0 errors
CAMB called 20700 times; 0 errors
CAMB called 20800 times; 0 errors
CAMB called 20900 times; 0 errors
CAMB called 21000 times; 0 errors
CAMB called 21100 times; 0 errors
 Current convergence R-1 =   2.1767071E-02  chain steps =       29613
 slow changes       21113  power changes           0
CAMB called 21200 times; 0 errors
CAMB called 21300 times; 0 errors
CAMB called 21400 times; 0 errors
CAMB called 21500 times; 0 errors
CAMB called 21600 times; 0 errors
CAMB called 21700 times; 0 errors
CAMB called 21800 times; 0 errors
CAMB called 21900 times; 0 errors
CAMB called 22000 times; 0 errors
 Current convergence R-1 =   2.1196978E-02  chain steps =       31011
 slow changes       22094  power changes           0
CAMB called 22100 times; 0 errors
CAMB called 22200 times; 0 errors
CAMB called 22300 times; 0 errors
CAMB called 22400 times; 0 errors
CAMB called 22500 times; 0 errors
CAMB called 22600 times; 0 errors
CAMB called 22700 times; 0 errors
CAMB called 22800 times; 0 errors
CAMB called 22900 times; 0 errors
CAMB called 23000 times; 0 errors
CAMB called 23100 times; 0 errors
 Current convergence R-1 =   2.3925785E-02  chain steps =       32411
 slow changes       23122  power changes           0
CAMB called 23200 times; 0 errors
CAMB called 23300 times; 0 errors
CAMB called 23400 times; 0 errors
CAMB called 23500 times; 0 errors
CAMB called 23600 times; 0 errors
CAMB called 23700 times; 0 errors
CAMB called 23800 times; 0 errors
CAMB called 23900 times; 0 errors
CAMB called 24000 times; 0 errors
CAMB called 24100 times; 0 errors
 Current convergence R-1 =   2.3597579E-02  chain steps =       33811
 slow changes       24147  power changes           0
CAMB called 24200 times; 0 errors
CAMB called 24300 times; 0 errors
CAMB called 24400 times; 0 errors
CAMB called 24500 times; 0 errors
CAMB called 24600 times; 0 errors
CAMB called 24700 times; 0 errors
CAMB called 24800 times; 0 errors
CAMB called 24900 times; 0 errors
CAMB called 25000 times; 0 errors
CAMB called 25100 times; 0 errors
 Current convergence R-1 =   2.0817449E-02  chain steps =       35211
 slow changes       25159  power changes           0
CAMB called 25200 times; 0 errors
CAMB called 25300 times; 0 errors
CAMB called 25400 times; 0 errors
CAMB called 25500 times; 0 errors
CAMB called 25600 times; 0 errors
CAMB called 25700 times; 0 errors
CAMB called 25800 times; 0 errors
CAMB called 25900 times; 0 errors
CAMB called 26000 times; 0 errors
CAMB called 26100 times; 0 errors
 Current convergence R-1 =   2.0851010E-02  chain steps =       36613
 slow changes       26163  power changes           0
CAMB called 26200 times; 0 errors
CAMB called 26300 times; 0 errors
CAMB called 26400 times; 0 errors
CAMB called 26500 times; 0 errors
CAMB called 26600 times; 0 errors
CAMB called 26700 times; 0 errors
CAMB called 26800 times; 0 errors
CAMB called 26900 times; 0 errors
CAMB called 27000 times; 0 errors
CAMB called 27100 times; 0 errors
 Current convergence R-1 =   2.4591427E-02  chain steps =       38011
 slow changes       27148  power changes           0
CAMB called 27200 times; 0 errors
CAMB called 27300 times; 0 errors
CAMB called 27400 times; 0 errors
CAMB called 27500 times; 0 errors
CAMB called 27600 times; 0 errors
CAMB called 27700 times; 0 errors
CAMB called 27800 times; 0 errors
CAMB called 27900 times; 0 errors
CAMB called 28000 times; 0 errors
CAMB called 28100 times; 0 errors
 Current convergence R-1 =   2.5341952E-02  chain steps =       39412
 slow changes       28144  power changes           0
CAMB called 28200 times; 0 errors
CAMB called 28300 times; 0 errors
CAMB called 28400 times; 0 errors
CAMB called 28500 times; 0 errors
CAMB called 28600 times; 0 errors
CAMB called 28700 times; 0 errors
CAMB called 28800 times; 0 errors
CAMB called 28900 times; 0 errors
CAMB called 29000 times; 0 errors
CAMB called 29100 times; 0 errors
 Current convergence R-1 =   2.6211383E-02  chain steps =       40811
 slow changes       29136  power changes           0
CAMB called 29200 times; 0 errors
CAMB called 29300 times; 0 errors
CAMB called 29400 times; 0 errors
CAMB called 29500 times; 0 errors
CAMB called 29600 times; 0 errors
CAMB called 29700 times; 0 errors
CAMB called 29800 times; 0 errors
CAMB called 29900 times; 0 errors
CAMB called 30000 times; 0 errors
CAMB called 30100 times; 0 errors
 Current convergence R-1 =   2.3844305E-02  chain steps =       42212
 slow changes       30161  power changes           0
CAMB called 30200 times; 0 errors
CAMB called 30300 times; 0 errors
CAMB called 30400 times; 0 errors
CAMB called 30500 times; 0 errors
CAMB called 30600 times; 0 errors
CAMB called 30700 times; 0 errors
CAMB called 30800 times; 0 errors
CAMB called 30900 times; 0 errors
CAMB called 31000 times; 0 errors
CAMB called 31100 times; 0 errors
 Current convergence R-1 =   2.2918187E-02  chain steps =       43611
 slow changes       31108  power changes           0
CAMB called 31200 times; 0 errors
CAMB called 31300 times; 0 errors
CAMB called 31400 times; 0 errors
CAMB called 31500 times; 0 errors
CAMB called 31600 times; 0 errors
CAMB called 31700 times; 0 errors
CAMB called 31800 times; 0 errors
CAMB called 31900 times; 0 errors
CAMB called 32000 times; 0 errors
 Current convergence R-1 =   2.2770761E-02  chain steps =       45012
 slow changes       32070  power changes           0
CAMB called 32100 times; 0 errors
CAMB called 32200 times; 0 errors
CAMB called 32300 times; 0 errors
CAMB called 32400 times; 0 errors
CAMB called 32500 times; 0 errors
CAMB called 32600 times; 0 errors
CAMB called 32700 times; 0 errors
CAMB called 32800 times; 0 errors
CAMB called 32900 times; 0 errors
CAMB called 33000 times; 0 errors
 Current convergence R-1 =   2.5362879E-02  chain steps =       46411
 slow changes       33072  power changes           0
CAMB called 33100 times; 0 errors
CAMB called 33200 times; 0 errors
CAMB called 33300 times; 0 errors
CAMB called 33400 times; 0 errors
CAMB called 33500 times; 0 errors
CAMB called 33600 times; 0 errors
Re-starting from checkpoint
CAMB called 100 times; 0 errors
CAMB called 200 times; 0 errors
CAMB called 300 times; 0 errors
CAMB called 400 times; 0 errors
 Current convergence R-1 =   2.5518784E-02  chain steps =         612
 slow changes         479  power changes           0
CAMB called 500 times; 0 errors
CAMB called 600 times; 0 errors
CAMB called 700 times; 0 errors
CAMB called 800 times; 0 errors
CAMB called 900 times; 0 errors
CAMB called 1000 times; 0 errors
CAMB called 1100 times; 0 errors
CAMB called 1200 times; 0 errors
CAMB called 1300 times; 0 errors
CAMB called 1400 times; 0 errors
 Current convergence R-1 =   2.3031222E-02  chain steps =        2012
 slow changes        1480  power changes           0
CAMB called 1500 times; 0 errors
CAMB called 1600 times; 0 errors
CAMB called 1700 times; 0 errors
CAMB called 1800 times; 0 errors
CAMB called 1900 times; 0 errors
CAMB called 2000 times; 0 errors
CAMB called 2100 times; 0 errors
CAMB called 2200 times; 0 errors
CAMB called 2300 times; 0 errors
CAMB called 2400 times; 0 errors
CAMB called 2500 times; 0 errors
 Current convergence R-1 =   2.1221429E-02  chain steps =        3413
 slow changes        2542  power changes           0
CAMB called 2600 times; 0 errors
CAMB called 2700 times; 0 errors
CAMB called 2800 times; 0 errors
CAMB called 2900 times; 0 errors
CAMB called 3000 times; 0 errors
CAMB called 3100 times; 0 errors
CAMB called 3200 times; 0 errors
CAMB called 3300 times; 0 errors
CAMB called 3400 times; 0 errors
CAMB called 3500 times; 0 errors
 Current convergence R-1 =   1.9211339E-02  chain steps =        4812
 slow changes        3566  power changes           0
CAMB called 3600 times; 0 errors
CAMB called 3700 times; 0 errors
CAMB called 3800 times; 0 errors
CAMB called 3900 times; 0 errors
CAMB called 4000 times; 0 errors
CAMB called 4100 times; 0 errors
CAMB called 4200 times; 0 errors
CAMB called 4300 times; 0 errors
CAMB called 4400 times; 0 errors
CAMB called 4500 times; 0 errors
 Current convergence R-1 =   1.7073262E-02  chain steps =        6212
 slow changes        4561  power changes           0
CAMB called 4600 times; 0 errors
CAMB called 4700 times; 0 errors
CAMB called 4800 times; 0 errors
CAMB called 4900 times; 0 errors
CAMB called 5000 times; 0 errors
CAMB called 5100 times; 0 errors
CAMB called 5200 times; 0 errors
CAMB called 5300 times; 0 errors
CAMB called 5400 times; 0 errors
CAMB called 5500 times; 0 errors
 Current convergence R-1 =   1.4309966E-02  chain steps =        7613
 slow changes        5561  power changes           0
CAMB called 5600 times; 0 errors
CAMB called 5700 times; 0 errors
CAMB called 5800 times; 0 errors
CAMB called 5900 times; 0 errors
CAMB called 6000 times; 0 errors
CAMB called 6100 times; 0 errors
CAMB called 6200 times; 0 errors
CAMB called 6300 times; 0 errors
CAMB called 6400 times; 0 errors
CAMB called 6500 times; 0 errors
 Current convergence R-1 =   1.6644599E-02  chain steps =        9013
 slow changes        6539  power changes           0
CAMB called 6600 times; 0 errors
CAMB called 6700 times; 0 errors
CAMB called 6800 times; 0 errors
CAMB called 6900 times; 0 errors
CAMB called 7000 times; 0 errors
CAMB called 7100 times; 0 errors
CAMB called 7200 times; 0 errors
CAMB called 7300 times; 0 errors
CAMB called 7400 times; 0 errors
CAMB called 7500 times; 0 errors
 Current convergence R-1 =   1.7969487E-02  chain steps =       10413
 slow changes        7558  power changes           0
CAMB called 7600 times; 0 errors
CAMB called 7700 times; 0 errors
CAMB called 7800 times; 0 errors
CAMB called 7900 times; 0 errors
CAMB called 8000 times; 0 errors
CAMB called 8100 times; 0 errors
CAMB called 8200 times; 0 errors
CAMB called 8300 times; 0 errors
CAMB called 8400 times; 0 errors
CAMB called 8500 times; 0 errors
CAMB called 8600 times; 0 errors
 Current convergence R-1 =   1.9558761E-02  chain steps =       11812
 slow changes        8615  power changes           0
CAMB called 8700 times; 0 errors
CAMB called 8800 times; 0 errors
CAMB called 8900 times; 0 errors
CAMB called 9000 times; 0 errors
CAMB called 9100 times; 0 errors
CAMB called 9200 times; 0 errors
CAMB called 9300 times; 0 errors
CAMB called 9400 times; 0 errors
CAMB called 9500 times; 0 errors
CAMB called 9600 times; 0 errors
 Current convergence R-1 =   1.8725337E-02  chain steps =       13212
 slow changes        9608  power changes           0
CAMB called 9700 times; 0 errors
CAMB called 9800 times; 0 errors
CAMB called 9900 times; 0 errors
CAMB called 10000 times; 0 errors
CAMB called 10100 times; 0 errors
CAMB called 10200 times; 0 errors
CAMB called 10300 times; 0 errors
CAMB called 10400 times; 0 errors
CAMB called 10500 times; 0 errors
 Current convergence R-1 =   1.8887963E-02  chain steps =       14612
 slow changes       10589  power changes           0
CAMB called 10600 times; 0 errors
CAMB called 10700 times; 0 errors
CAMB called 10800 times; 0 errors
CAMB called 10900 times; 0 errors
CAMB called 11000 times; 0 errors
CAMB called 11100 times; 0 errors
CAMB called 11200 times; 0 errors
CAMB called 11300 times; 0 errors
CAMB called 11400 times; 0 errors
CAMB called 11500 times; 0 errors
 Current convergence R-1 =   1.7286861E-02  chain steps =       16012
 slow changes       11571  power changes           0
CAMB called 11600 times; 0 errors
CAMB called 11700 times; 0 errors
CAMB called 11800 times; 0 errors
CAMB called 11900 times; 0 errors
CAMB called 12000 times; 0 errors
CAMB called 12100 times; 0 errors
CAMB called 12200 times; 0 errors
CAMB called 12300 times; 0 errors
CAMB called 12400 times; 0 errors
CAMB called 12500 times; 0 errors
CAMB called 12600 times; 0 errors
 Current convergence R-1 =   1.6154697E-02  chain steps =       17414
 slow changes       12605  power changes           0
CAMB called 12700 times; 0 errors
CAMB called 12800 times; 0 errors
CAMB called 12900 times; 0 errors
CAMB called 13000 times; 0 errors
CAMB called 13100 times; 0 errors
CAMB called 13200 times; 0 errors
CAMB called 13300 times; 0 errors
CAMB called 13400 times; 0 errors
CAMB called 13500 times; 0 errors
 Current convergence R-1 =   1.5806621E-02  chain steps =       18812
 slow changes       13554  power changes           0
CAMB called 13600 times; 0 errors
CAMB called 13700 times; 0 errors
CAMB called 13800 times; 0 errors
CAMB called 13900 times; 0 errors
CAMB called 14000 times; 0 errors
CAMB called 14100 times; 0 errors
CAMB called 14200 times; 0 errors
CAMB called 14300 times; 0 errors
CAMB called 14400 times; 0 errors
CAMB called 14500 times; 0 errors
 Current convergence R-1 =   1.6482385E-02  chain steps =       20214
 slow changes       14552  power changes           0
CAMB called 14600 times; 0 errors
CAMB called 14700 times; 0 errors
CAMB called 14800 times; 0 errors
CAMB called 14900 times; 0 errors
CAMB called 15000 times; 0 errors
CAMB called 15100 times; 0 errors
CAMB called 15200 times; 0 errors
CAMB called 15300 times; 0 errors
CAMB called 15400 times; 0 errors
CAMB called 15500 times; 0 errors
 Current convergence R-1 =   1.5339073E-02  chain steps =       21612
 slow changes       15549  power changes           0
CAMB called 15600 times; 0 errors
CAMB called 15700 times; 0 errors
CAMB called 15800 times; 0 errors
CAMB called 15900 times; 0 errors
CAMB called 16000 times; 0 errors
CAMB called 16100 times; 0 errors
CAMB called 16200 times; 0 errors
CAMB called 16300 times; 0 errors
CAMB called 16400 times; 0 errors
CAMB called 16500 times; 0 errors
 Current convergence R-1 =   1.5570777E-02  chain steps =       23012
 slow changes       16588  power changes           0
CAMB called 16600 times; 0 errors
CAMB called 16700 times; 0 errors
CAMB called 16800 times; 0 errors
CAMB called 16900 times; 0 errors
CAMB called 17000 times; 0 errors
CAMB called 17100 times; 0 errors
CAMB called 17200 times; 0 errors
CAMB called 17300 times; 0 errors
CAMB called 17400 times; 0 errors
CAMB called 17500 times; 0 errors
 Current convergence R-1 =   1.3674791E-02  chain steps =       24412
 slow changes       17588  power changes           0
CAMB called 17600 times; 0 errors
CAMB called 17700 times; 0 errors
CAMB called 17800 times; 0 errors
CAMB called 17900 times; 0 errors
CAMB called 18000 times; 0 errors
CAMB called 18100 times; 0 errors
CAMB called 18200 times; 0 errors
CAMB called 18300 times; 0 errors
CAMB called 18400 times; 0 errors
CAMB called 18500 times; 0 errors
 Current convergence R-1 =   1.4208560E-02  chain steps =       25812
 slow changes       18574  power changes           0
CAMB called 18600 times; 0 errors
CAMB called 18700 times; 0 errors
CAMB called 18800 times; 0 errors
CAMB called 18900 times; 0 errors
CAMB called 19000 times; 0 errors
CAMB called 19100 times; 0 errors
CAMB called 19200 times; 0 errors
CAMB called 19300 times; 0 errors
CAMB called 19400 times; 0 errors
CAMB called 19500 times; 0 errors
 Current convergence R-1 =   1.3511475E-02  chain steps =       27212
 slow changes       19592  power changes           0
CAMB called 19600 times; 0 errors
CAMB called 19700 times; 0 errors
CAMB called 19800 times; 0 errors
CAMB called 19900 times; 0 errors
CAMB called 20000 times; 0 errors
CAMB called 20100 times; 0 errors
CAMB called 20200 times; 0 errors
CAMB called 20300 times; 0 errors
CAMB called 20400 times; 0 errors
CAMB called 20500 times; 0 errors
 Current convergence R-1 =   1.3390648E-02  chain steps =       28612
 slow changes       20571  power changes           0
CAMB called 20600 times; 0 errors
CAMB called 20700 times; 0 errors
CAMB called 20800 times; 0 errors
CAMB called 20900 times; 0 errors
CAMB called 21000 times; 0 errors
CAMB called 21100 times; 0 errors
CAMB called 21200 times; 0 errors
CAMB called 21300 times; 0 errors
CAMB called 21400 times; 0 errors
CAMB called 21500 times; 0 errors
 Current convergence R-1 =   1.4251592E-02  chain steps =       30012
 slow changes       21579  power changes           0
CAMB called 21600 times; 0 errors
CAMB called 21700 times; 0 errors
CAMB called 21800 times; 0 errors
CAMB called 21900 times; 0 errors
CAMB called 22000 times; 0 errors
CAMB called 22100 times; 0 errors
CAMB called 22200 times; 0 errors
CAMB called 22300 times; 0 errors
CAMB called 22400 times; 0 errors
CAMB called 22500 times; 0 errors
 Current convergence R-1 =   1.6492849E-02  chain steps =       31412
 slow changes       22548  power changes           0
CAMB called 22600 times; 0 errors
CAMB called 22700 times; 0 errors
CAMB called 22800 times; 0 errors
CAMB called 22900 times; 0 errors
CAMB called 23000 times; 0 errors
CAMB called 23100 times; 0 errors
CAMB called 23200 times; 0 errors
CAMB called 23300 times; 0 errors
CAMB called 23400 times; 0 errors
 Current convergence R-1 =   1.7701011E-02  chain steps =       32814
 slow changes       23477  power changes           0
CAMB called 23500 times; 0 errors
CAMB called 23600 times; 0 errors
CAMB called 23700 times; 0 errors
CAMB called 23800 times; 0 errors
CAMB called 23900 times; 0 errors
CAMB called 24000 times; 0 errors
CAMB called 24100 times; 0 errors
CAMB called 24200 times; 0 errors
CAMB called 24300 times; 0 errors
CAMB called 24400 times; 0 errors
CAMB called 24500 times; 0 errors
 Current convergence R-1 =   1.5886512E-02  chain steps =       34212
 slow changes       24550  power changes           0
CAMB called 24600 times; 0 errors
CAMB called 24700 times; 0 errors
CAMB called 24800 times; 0 errors
CAMB called 24900 times; 0 errors
CAMB called 25000 times; 0 errors
CAMB called 25100 times; 0 errors
CAMB called 25200 times; 0 errors
CAMB called 25300 times; 0 errors
CAMB called 25400 times; 0 errors
CAMB called 25500 times; 0 errors
 Current convergence R-1 =   1.4556879E-02  chain steps =       35612
 slow changes       25552  power changes           0
CAMB called 25600 times; 0 errors
CAMB called 25700 times; 0 errors
CAMB called 25800 times; 0 errors
CAMB called 25900 times; 0 errors
CAMB called 26000 times; 0 errors
CAMB called 26100 times; 0 errors
CAMB called 26200 times; 0 errors
CAMB called 26300 times; 0 errors
CAMB called 26400 times; 0 errors
CAMB called 26500 times; 0 errors
 Current convergence R-1 =   1.3944629E-02  chain steps =       37012
 slow changes       26553  power changes           0
CAMB called 26600 times; 0 errors
CAMB called 26700 times; 0 errors
CAMB called 26800 times; 0 errors
CAMB called 26900 times; 0 errors
CAMB called 27000 times; 0 errors
CAMB called 27100 times; 0 errors
CAMB called 27200 times; 0 errors
CAMB called 27300 times; 0 errors
CAMB called 27400 times; 0 errors
CAMB called 27500 times; 0 errors
CAMB called 27600 times; 0 errors
 Current convergence R-1 =   1.2682332E-02  chain steps =       38412
 slow changes       27620  power changes           0
CAMB called 27700 times; 0 errors
CAMB called 27800 times; 0 errors
CAMB called 27900 times; 0 errors
CAMB called 28000 times; 0 errors
CAMB called 28100 times; 0 errors
CAMB called 28200 times; 0 errors
CAMB called 28300 times; 0 errors
CAMB called 28400 times; 0 errors
CAMB called 28500 times; 0 errors
CAMB called 28600 times; 0 errors
 Current convergence R-1 =   1.0819948E-02  chain steps =       39812
 slow changes       28678  power changes           0
CAMB called 28700 times; 0 errors
CAMB called 28800 times; 0 errors
CAMB called 28900 times; 0 errors
CAMB called 29000 times; 0 errors
CAMB called 29100 times; 0 errors
CAMB called 29200 times; 0 errors
CAMB called 29300 times; 0 errors
CAMB called 29400 times; 0 errors
CAMB called 29500 times; 0 errors
CAMB called 29600 times; 0 errors
 Current convergence R-1 =   1.0118279E-02  chain steps =       41212
 slow changes       29674  power changes           0
CAMB called 29700 times; 0 errors
CAMB called 29800 times; 0 errors
CAMB called 29900 times; 0 errors
CAMB called 30000 times; 0 errors
CAMB called 30100 times; 0 errors
CAMB called 30200 times; 0 errors
CAMB called 30300 times; 0 errors
CAMB called 30400 times; 0 errors
CAMB called 30500 times; 0 errors
CAMB called 30600 times; 0 errors
 Current convergence R-1 =   9.8036518E-03  chain steps =       42612
 slow changes       30677  power changes           0
CAMB called 30700 times; 0 errors
CAMB called 30800 times; 0 errors
CAMB called 30900 times; 0 errors
CAMB called 31000 times; 0 errors
CAMB called 31100 times; 0 errors
CAMB called 31200 times; 0 errors
CAMB called 31300 times; 0 errors
CAMB called 31400 times; 0 errors
CAMB called 31500 times; 0 errors
CAMB called 31600 times; 0 errors
 Current convergence R-1 =   8.7348251E-03  chain steps =       44012
 slow changes       31655  power changes           0
Current limit err = 0.1097 for ns; samps = 137201                                                                               
