CAMB called 100 times; 0 errors
CAMB called 200 times; 0 errors
CAMB called 300 times; 0 errors
CAMB called 400 times; 0 errors
CAMB called 500 times; 0 errors
CAMB called 600 times; 0 errors
CAMB called 700 times; 0 errors
CAMB called 800 times; 0 errors
CAMB called 900 times; 0 errors
CAMB called 1000 times; 0 errors
CAMB called 1100 times; 0 errors
CAMB called 1200 times; 0 errors
 Current convergence R-1 =    10.68974      chain steps =        1433
 slow changes        1220  power changes           0
CAMB called 1300 times; 0 errors
CAMB called 1400 times; 0 errors
CAMB called 1500 times; 0 errors
CAMB called 1600 times; 0 errors
CAMB called 1700 times; 0 errors
CAMB called 1800 times; 0 errors
CAMB called 1900 times; 0 errors
CAMB called 2000 times; 0 errors
CAMB called 2100 times; 0 errors
CAMB called 2200 times; 0 errors
CAMB called 2300 times; 0 errors
 Current convergence R-1 =    11.92392      chain steps =        2739
 slow changes        2390  power changes           0
CAMB called 2400 times; 0 errors
CAMB called 2500 times; 0 errors
CAMB called 2600 times; 0 errors
CAMB called 2700 times; 0 errors
CAMB called 2800 times; 0 errors
CAMB called 2900 times; 0 errors
CAMB called 3000 times; 0 errors
CAMB called 3100 times; 0 errors
CAMB called 3200 times; 0 errors
CAMB called 3300 times; 0 errors
CAMB called 3400 times; 0 errors
CAMB called 3500 times; 0 errors
 Current convergence R-1 =    1.067248      chain steps =        4215
 slow changes        3549  power changes           0
CAMB called 3600 times; 0 errors
CAMB called 3700 times; 0 errors
CAMB called 3800 times; 0 errors
CAMB called 3900 times; 0 errors
CAMB called 4000 times; 0 errors
CAMB called 4100 times; 0 errors
CAMB called 4200 times; 0 errors
CAMB called 4300 times; 0 errors
CAMB called 4400 times; 0 errors
CAMB called 4500 times; 0 errors
 Current convergence R-1 =   0.2633712      chain steps =        5562
 slow changes        4597  power changes           0
CAMB called 4600 times; 0 errors
CAMB called 4700 times; 0 errors
CAMB called 4800 times; 0 errors
CAMB called 4900 times; 0 errors
CAMB called 5000 times; 0 errors
CAMB called 5100 times; 0 errors
CAMB called 5200 times; 0 errors
CAMB called 5300 times; 0 errors
CAMB called 5400 times; 0 errors
CAMB called 5500 times; 0 errors
CAMB called 5600 times; 0 errors
 Current convergence R-1 =   0.1996104      chain steps =        7051
 slow changes        5656  power changes           0
CAMB called 5700 times; 0 errors
CAMB called 5800 times; 0 errors
CAMB called 5900 times; 0 errors
CAMB called 6000 times; 0 errors
CAMB called 6100 times; 0 errors
CAMB called 6200 times; 0 errors
CAMB called 6300 times; 0 errors
CAMB called 6400 times; 0 errors
CAMB called 6500 times; 0 errors
CAMB called 6600 times; 0 errors
 Current convergence R-1 =   0.2890951      chain steps =        8471
 slow changes        6693  power changes           0
CAMB called 6700 times; 0 errors
CAMB called 6800 times; 0 errors
CAMB called 6900 times; 0 errors
CAMB called 7000 times; 0 errors
CAMB called 7100 times; 0 errors
CAMB called 7200 times; 0 errors
CAMB called 7300 times; 0 errors
CAMB called 7400 times; 0 errors
CAMB called 7500 times; 0 errors
CAMB called 7600 times; 0 errors
 Current convergence R-1 =   0.2287246      chain steps =        9817
 slow changes        7675  power changes           0
CAMB called 7700 times; 0 errors
CAMB called 7800 times; 0 errors
CAMB called 7900 times; 0 errors
CAMB called 8000 times; 0 errors
CAMB called 8100 times; 0 errors
CAMB called 8200 times; 0 errors
CAMB called 8300 times; 0 errors
CAMB called 8400 times; 0 errors
CAMB called 8500 times; 0 errors
CAMB called 8600 times; 0 errors
CAMB called 8700 times; 0 errors
 Current convergence R-1 =   0.1897474      chain steps =       11275
 slow changes        8721  power changes           0
CAMB called 8800 times; 0 errors
CAMB called 8900 times; 0 errors
CAMB called 9000 times; 0 errors
CAMB called 9100 times; 0 errors
CAMB called 9200 times; 0 errors
CAMB called 9300 times; 0 errors
CAMB called 9400 times; 0 errors
CAMB called 9500 times; 0 errors
CAMB called 9600 times; 0 errors
CAMB called 9700 times; 0 errors
 Current convergence R-1 =   0.1060886      chain steps =       12650
 slow changes        9716  power changes           0
CAMB called 9800 times; 0 errors
CAMB called 9900 times; 0 errors
CAMB called 10000 times; 0 errors
CAMB called 10100 times; 0 errors
CAMB called 10200 times; 0 errors
CAMB called 10300 times; 0 errors
CAMB called 10400 times; 0 errors
CAMB called 10500 times; 0 errors
CAMB called 10600 times; 0 errors
CAMB called 10700 times; 0 errors
 Current convergence R-1 =   7.8792721E-02  chain steps =       14264
 slow changes       10757  power changes           0
CAMB called 10800 times; 0 errors
CAMB called 10900 times; 0 errors
CAMB called 11000 times; 0 errors
CAMB called 11100 times; 0 errors
CAMB called 11200 times; 0 errors
CAMB called 11300 times; 0 errors
CAMB called 11400 times; 0 errors
CAMB called 11500 times; 0 errors
CAMB called 11600 times; 0 errors
CAMB called 11700 times; 0 errors
CAMB called 11800 times; 0 errors
 Current convergence R-1 =   7.2075836E-02  chain steps =       15832
 slow changes       11813  power changes           0
CAMB called 11900 times; 0 errors
CAMB called 12000 times; 0 errors
CAMB called 12100 times; 0 errors
CAMB called 12200 times; 0 errors
CAMB called 12300 times; 0 errors
CAMB called 12400 times; 0 errors
CAMB called 12500 times; 0 errors
CAMB called 12600 times; 0 errors
CAMB called 12700 times; 0 errors
CAMB called 12800 times; 0 errors
 Current convergence R-1 =   0.1331728      chain steps =       17267
 slow changes       12817  power changes           0
CAMB called 12900 times; 0 errors
CAMB called 13000 times; 0 errors
CAMB called 13100 times; 0 errors
CAMB called 13200 times; 0 errors
CAMB called 13300 times; 0 errors
CAMB called 13400 times; 0 errors
CAMB called 13500 times; 0 errors
CAMB called 13600 times; 0 errors
CAMB called 13700 times; 0 errors
CAMB called 13800 times; 0 errors
 Current convergence R-1 =   0.1364139      chain steps =       18651
 slow changes       13837  power changes           0
CAMB called 13900 times; 0 errors
CAMB called 14000 times; 0 errors
CAMB called 14100 times; 0 errors
CAMB called 14200 times; 0 errors
CAMB called 14300 times; 0 errors
CAMB called 14400 times; 0 errors
CAMB called 14500 times; 0 errors
CAMB called 14600 times; 0 errors
CAMB called 14700 times; 0 errors
CAMB called 14800 times; 0 errors
 Current convergence R-1 =   0.1541436      chain steps =       20109
 slow changes       14841  power changes           0
CAMB called 14900 times; 0 errors
CAMB called 15000 times; 0 errors
CAMB called 15100 times; 0 errors
CAMB called 15200 times; 0 errors
CAMB called 15300 times; 0 errors
CAMB called 15400 times; 0 errors
CAMB called 15500 times; 0 errors
CAMB called 15600 times; 0 errors
CAMB called 15700 times; 0 errors
CAMB called 15800 times; 0 errors
 Current convergence R-1 =   0.1491060      chain steps =       21505
 slow changes       15860  power changes           0
CAMB called 15900 times; 0 errors
CAMB called 16000 times; 0 errors
CAMB called 16100 times; 0 errors
CAMB called 16200 times; 0 errors
CAMB called 16300 times; 0 errors
CAMB called 16400 times; 0 errors
CAMB called 16500 times; 0 errors
CAMB called 16600 times; 0 errors
CAMB called 16700 times; 0 errors
CAMB called 16800 times; 0 errors
 Current convergence R-1 =   9.0797164E-02  chain steps =       22885
 slow changes       16811  power changes           0
CAMB called 16900 times; 0 errors
CAMB called 17000 times; 0 errors
CAMB called 17100 times; 0 errors
CAMB called 17200 times; 0 errors
CAMB called 17300 times; 0 errors
CAMB called 17400 times; 0 errors
CAMB called 17500 times; 0 errors
CAMB called 17600 times; 0 errors
CAMB called 17700 times; 0 errors
CAMB called 17800 times; 0 errors
 Current convergence R-1 =   5.9425820E-02  chain steps =       24221
 slow changes       17816  power changes           0
CAMB called 17900 times; 0 errors
CAMB called 18000 times; 0 errors
CAMB called 18100 times; 0 errors
CAMB called 18200 times; 0 errors
CAMB called 18300 times; 0 errors
CAMB called 18400 times; 0 errors
CAMB called 18500 times; 0 errors
CAMB called 18600 times; 0 errors
CAMB called 18700 times; 0 errors
CAMB called 18800 times; 0 errors
 Current convergence R-1 =   3.8499381E-02  chain steps =       25545
 slow changes       18821  power changes           0
CAMB called 18900 times; 0 errors
CAMB called 19000 times; 0 errors
CAMB called 19100 times; 0 errors
CAMB called 19200 times; 0 errors
CAMB called 19300 times; 0 errors
CAMB called 19400 times; 0 errors
CAMB called 19500 times; 0 errors
CAMB called 19600 times; 0 errors
CAMB called 19700 times; 0 errors
CAMB called 19800 times; 0 errors
 Current convergence R-1 =   5.1575530E-02  chain steps =       26981
 slow changes       19855  power changes           0
CAMB called 19900 times; 0 errors
CAMB called 20000 times; 0 errors
CAMB called 20100 times; 0 errors
CAMB called 20200 times; 0 errors
CAMB called 20300 times; 0 errors
CAMB called 20400 times; 0 errors
CAMB called 20500 times; 0 errors
CAMB called 20600 times; 0 errors
CAMB called 20700 times; 0 errors
CAMB called 20800 times; 0 errors
 Current convergence R-1 =   7.4414380E-02  chain steps =       28441
 slow changes       20885  power changes           0
CAMB called 20900 times; 0 errors
CAMB called 21000 times; 0 errors
CAMB called 21100 times; 0 errors
CAMB called 21200 times; 0 errors
CAMB called 21300 times; 0 errors
CAMB called 21400 times; 0 errors
CAMB called 21500 times; 0 errors
CAMB called 21600 times; 0 errors
CAMB called 21700 times; 0 errors
CAMB called 21800 times; 0 errors
CAMB called 21900 times; 0 errors
 Current convergence R-1 =   7.3926531E-02  chain steps =       29922
 slow changes       21961  power changes           0
CAMB called 22000 times; 0 errors
CAMB called 22100 times; 0 errors
CAMB called 22200 times; 0 errors
CAMB called 22300 times; 0 errors
CAMB called 22400 times; 0 errors
CAMB called 22500 times; 0 errors
CAMB called 22600 times; 0 errors
CAMB called 22700 times; 0 errors
CAMB called 22800 times; 0 errors
CAMB called 22900 times; 0 errors
 Current convergence R-1 =   7.3002629E-02  chain steps =       31294
 slow changes       22932  power changes           0
CAMB called 23000 times; 0 errors
CAMB called 23100 times; 0 errors
CAMB called 23200 times; 0 errors
CAMB called 23300 times; 0 errors
CAMB called 23400 times; 0 errors
CAMB called 23500 times; 0 errors
CAMB called 23600 times; 0 errors
CAMB called 23700 times; 0 errors
CAMB called 23800 times; 0 errors
 Current convergence R-1 =   4.2970214E-02  chain steps =       32600
 slow changes       23897  power changes           0
CAMB called 23900 times; 0 errors
CAMB called 24000 times; 0 errors
CAMB called 24100 times; 0 errors
CAMB called 24200 times; 0 errors
CAMB called 24300 times; 0 errors
CAMB called 24400 times; 0 errors
CAMB called 24500 times; 0 errors
CAMB called 24600 times; 0 errors
CAMB called 24700 times; 0 errors
CAMB called 24800 times; 0 errors
CAMB called 24900 times; 0 errors
 Current convergence R-1 =   4.9030382E-02  chain steps =       34182
 slow changes       24945  power changes           0
CAMB called 25000 times; 0 errors
CAMB called 25100 times; 0 errors
CAMB called 25200 times; 0 errors
CAMB called 25300 times; 0 errors
CAMB called 25400 times; 0 errors
CAMB called 25500 times; 0 errors
CAMB called 25600 times; 0 errors
CAMB called 25700 times; 0 errors
CAMB called 25800 times; 0 errors
 Current convergence R-1 =   5.0268728E-02  chain steps =       35528
 slow changes       25894  power changes           0
CAMB called 25900 times; 0 errors
CAMB called 26000 times; 0 errors
CAMB called 26100 times; 0 errors
CAMB called 26200 times; 0 errors
CAMB called 26300 times; 0 errors
CAMB called 26400 times; 0 errors
CAMB called 26500 times; 0 errors
CAMB called 26600 times; 0 errors
CAMB called 26700 times; 0 errors
CAMB called 26800 times; 0 errors
 Current convergence R-1 =   4.7427393E-02  chain steps =       36902
 slow changes       26878  power changes           0
CAMB called 26900 times; 0 errors
CAMB called 27000 times; 0 errors
CAMB called 27100 times; 0 errors
CAMB called 27200 times; 0 errors
CAMB called 27300 times; 0 errors
CAMB called 27400 times; 0 errors
CAMB called 27500 times; 0 errors
CAMB called 27600 times; 0 errors
CAMB called 27700 times; 0 errors
CAMB called 27800 times; 0 errors
 Current convergence R-1 =   4.1782141E-02  chain steps =       38352
 slow changes       27898  power changes           0
CAMB called 27900 times; 0 errors
CAMB called 28000 times; 0 errors
CAMB called 28100 times; 0 errors
CAMB called 28200 times; 0 errors
CAMB called 28300 times; 0 errors
CAMB called 28400 times; 0 errors
CAMB called 28500 times; 0 errors
CAMB called 28600 times; 0 errors
CAMB called 28700 times; 0 errors
CAMB called 28800 times; 0 errors
 Current convergence R-1 =   3.4922525E-02  chain steps =       39675
 slow changes       28874  power changes           0
CAMB called 28900 times; 0 errors
CAMB called 29000 times; 0 errors
CAMB called 29100 times; 0 errors
CAMB called 29200 times; 0 errors
CAMB called 29300 times; 0 errors
CAMB called 29400 times; 0 errors
CAMB called 29500 times; 0 errors
CAMB called 29600 times; 0 errors
CAMB called 29700 times; 0 errors
CAMB called 29800 times; 0 errors
CAMB called 29900 times; 0 errors
 Current convergence R-1 =   3.4074549E-02  chain steps =       41198
 slow changes       29923  power changes           0
CAMB called 30000 times; 0 errors
CAMB called 30100 times; 0 errors
CAMB called 30200 times; 0 errors
CAMB called 30300 times; 0 errors
CAMB called 30400 times; 0 errors
CAMB called 30500 times; 0 errors
CAMB called 30600 times; 0 errors
CAMB called 30700 times; 0 errors
CAMB called 30800 times; 0 errors
CAMB called 30900 times; 0 errors
 Current convergence R-1 =   2.4397979E-02  chain steps =       42591
 slow changes       30911  power changes           0
CAMB called 31000 times; 0 errors
CAMB called 31100 times; 0 errors
CAMB called 31200 times; 0 errors
CAMB called 31300 times; 0 errors
CAMB called 31400 times; 0 errors
CAMB called 31500 times; 0 errors
CAMB called 31600 times; 0 errors
CAMB called 31700 times; 0 errors
CAMB called 31800 times; 0 errors
CAMB called 31900 times; 0 errors
 Current convergence R-1 =   2.0936266E-02  chain steps =       44070
 slow changes       31983  power changes           0
CAMB called 32000 times; 0 errors
CAMB called 32100 times; 0 errors
CAMB called 32200 times; 0 errors
CAMB called 32300 times; 0 errors
CAMB called 32400 times; 0 errors
CAMB called 32500 times; 0 errors
CAMB called 32600 times; 0 errors
CAMB called 32700 times; 0 errors
CAMB called 32800 times; 0 errors
CAMB called 32900 times; 0 errors
CAMB called 33000 times; 0 errors
 Current convergence R-1 =   2.8142085E-02  chain steps =       45574
 slow changes       33015  power changes           0
CAMB called 33100 times; 0 errors
CAMB called 33200 times; 0 errors
CAMB called 33300 times; 0 errors
CAMB called 33400 times; 0 errors
CAMB called 33500 times; 0 errors
CAMB called 33600 times; 0 errors
CAMB called 33700 times; 0 errors
CAMB called 33800 times; 0 errors
Re-starting from checkpoint
CAMB called 100 times; 0 errors
 Current convergence R-1 =   2.0892557E-02  chain steps =         187
 slow changes         139  power changes           0
CAMB called 200 times; 0 errors
CAMB called 300 times; 0 errors
CAMB called 400 times; 0 errors
CAMB called 500 times; 0 errors
CAMB called 600 times; 0 errors
CAMB called 700 times; 0 errors
CAMB called 800 times; 0 errors
CAMB called 900 times; 0 errors
CAMB called 1000 times; 0 errors
CAMB called 1100 times; 0 errors
 Current convergence R-1 =   2.0168573E-02  chain steps =        1507
 slow changes        1139  power changes           0
CAMB called 1200 times; 0 errors
CAMB called 1300 times; 0 errors
CAMB called 1400 times; 0 errors
CAMB called 1500 times; 0 errors
CAMB called 1600 times; 0 errors
CAMB called 1700 times; 0 errors
CAMB called 1800 times; 0 errors
CAMB called 1900 times; 0 errors
CAMB called 2000 times; 0 errors
 Current convergence R-1 =   2.2382639E-02  chain steps =        2824
 slow changes        2078  power changes           0
CAMB called 2100 times; 0 errors
CAMB called 2200 times; 0 errors
CAMB called 2300 times; 0 errors
CAMB called 2400 times; 0 errors
CAMB called 2500 times; 0 errors
CAMB called 2600 times; 0 errors
CAMB called 2700 times; 0 errors
CAMB called 2800 times; 0 errors
CAMB called 2900 times; 0 errors
CAMB called 3000 times; 0 errors
 Current convergence R-1 =   2.6302435E-02  chain steps =        4166
 slow changes        3066  power changes           0
CAMB called 3100 times; 0 errors
CAMB called 3200 times; 0 errors
CAMB called 3300 times; 0 errors
CAMB called 3400 times; 0 errors
CAMB called 3500 times; 0 errors
CAMB called 3600 times; 0 errors
CAMB called 3700 times; 0 errors
CAMB called 3800 times; 0 errors
CAMB called 3900 times; 0 errors
CAMB called 4000 times; 0 errors
CAMB called 4100 times; 0 errors
 Current convergence R-1 =   2.3399740E-02  chain steps =        5657
 slow changes        4121  power changes           0
CAMB called 4200 times; 0 errors
CAMB called 4300 times; 0 errors
CAMB called 4400 times; 0 errors
CAMB called 4500 times; 0 errors
CAMB called 4600 times; 0 errors
CAMB called 4700 times; 0 errors
CAMB called 4800 times; 0 errors
CAMB called 4900 times; 0 errors
CAMB called 5000 times; 0 errors
CAMB called 5100 times; 0 errors
 Current convergence R-1 =   2.2794465E-02  chain steps =        7017
 slow changes        5117  power changes           0
CAMB called 5200 times; 0 errors
CAMB called 5300 times; 0 errors
CAMB called 5400 times; 0 errors
CAMB called 5500 times; 0 errors
CAMB called 5600 times; 0 errors
CAMB called 5700 times; 0 errors
CAMB called 5800 times; 0 errors
CAMB called 5900 times; 0 errors
CAMB called 6000 times; 0 errors
CAMB called 6100 times; 0 errors
 Current convergence R-1 =   1.8145142E-02  chain steps =        8449
 slow changes        6102  power changes           0
CAMB called 6200 times; 0 errors
CAMB called 6300 times; 0 errors
CAMB called 6400 times; 0 errors
CAMB called 6500 times; 0 errors
CAMB called 6600 times; 0 errors
CAMB called 6700 times; 0 errors
CAMB called 6800 times; 0 errors
CAMB called 6900 times; 0 errors
CAMB called 7000 times; 0 errors
CAMB called 7100 times; 0 errors
 Current convergence R-1 =   1.8716808E-02  chain steps =        9941
 slow changes        7156  power changes           0
CAMB called 7200 times; 0 errors
CAMB called 7300 times; 0 errors
CAMB called 7400 times; 0 errors
CAMB called 7500 times; 0 errors
CAMB called 7600 times; 0 errors
CAMB called 7700 times; 0 errors
CAMB called 7800 times; 0 errors
CAMB called 7900 times; 0 errors
CAMB called 8000 times; 0 errors
CAMB called 8100 times; 0 errors
 Current convergence R-1 =   2.1737423E-02  chain steps =       11366
 slow changes        8160  power changes           0
CAMB called 8200 times; 0 errors
CAMB called 8300 times; 0 errors
CAMB called 8400 times; 0 errors
CAMB called 8500 times; 0 errors
CAMB called 8600 times; 0 errors
CAMB called 8700 times; 0 errors
CAMB called 8800 times; 0 errors
CAMB called 8900 times; 0 errors
CAMB called 9000 times; 0 errors
CAMB called 9100 times; 0 errors
 Current convergence R-1 =   1.7997442E-02  chain steps =       12758
 slow changes        9134  power changes           0
CAMB called 9200 times; 0 errors
CAMB called 9300 times; 0 errors
CAMB called 9400 times; 0 errors
CAMB called 9500 times; 0 errors
CAMB called 9600 times; 0 errors
CAMB called 9700 times; 0 errors
CAMB called 9800 times; 0 errors
CAMB called 9900 times; 0 errors
CAMB called 10000 times; 0 errors
CAMB called 10100 times; 0 errors
 Current convergence R-1 =   1.9246161E-02  chain steps =       14186
 slow changes       10173  power changes           0
CAMB called 10200 times; 0 errors
CAMB called 10300 times; 0 errors
CAMB called 10400 times; 0 errors
CAMB called 10500 times; 0 errors
CAMB called 10600 times; 0 errors
CAMB called 10700 times; 0 errors
CAMB called 10800 times; 0 errors
CAMB called 10900 times; 0 errors
CAMB called 11000 times; 0 errors
CAMB called 11100 times; 0 errors
 Current convergence R-1 =   1.5294312E-02  chain steps =       15412
 slow changes       11120  power changes           0
CAMB called 11200 times; 0 errors
CAMB called 11300 times; 0 errors
CAMB called 11400 times; 0 errors
CAMB called 11500 times; 0 errors
CAMB called 11600 times; 0 errors
CAMB called 11700 times; 0 errors
CAMB called 11800 times; 0 errors
CAMB called 11900 times; 0 errors
CAMB called 12000 times; 0 errors
CAMB called 12100 times; 0 errors
 Current convergence R-1 =   1.5629897E-02  chain steps =       16837
 slow changes       12130  power changes           0
CAMB called 12200 times; 0 errors
CAMB called 12300 times; 0 errors
CAMB called 12400 times; 0 errors
CAMB called 12500 times; 0 errors
CAMB called 12600 times; 0 errors
CAMB called 12700 times; 0 errors
CAMB called 12800 times; 0 errors
CAMB called 12900 times; 0 errors
CAMB called 13000 times; 0 errors
CAMB called 13100 times; 0 errors
 Current convergence R-1 =   1.6438788E-02  chain steps =       18351
 slow changes       13196  power changes           0
CAMB called 13200 times; 0 errors
CAMB called 13300 times; 0 errors
CAMB called 13400 times; 0 errors
CAMB called 13500 times; 0 errors
CAMB called 13600 times; 0 errors
CAMB called 13700 times; 0 errors
CAMB called 13800 times; 0 errors
CAMB called 13900 times; 0 errors
CAMB called 14000 times; 0 errors
CAMB called 14100 times; 0 errors
 Current convergence R-1 =   1.6442688E-02  chain steps =       19658
 slow changes       14138  power changes           0
CAMB called 14200 times; 0 errors
CAMB called 14300 times; 0 errors
CAMB called 14400 times; 0 errors
CAMB called 14500 times; 0 errors
CAMB called 14600 times; 0 errors
CAMB called 14700 times; 0 errors
CAMB called 14800 times; 0 errors
CAMB called 14900 times; 0 errors
CAMB called 15000 times; 0 errors
CAMB called 15100 times; 0 errors
 Current convergence R-1 =   1.8178055E-02  chain steps =       21007
 slow changes       15104  power changes           0
CAMB called 15200 times; 0 errors
CAMB called 15300 times; 0 errors
CAMB called 15400 times; 0 errors
CAMB called 15500 times; 0 errors
CAMB called 15600 times; 0 errors
CAMB called 15700 times; 0 errors
CAMB called 15800 times; 0 errors
CAMB called 15900 times; 0 errors
CAMB called 16000 times; 0 errors
 Current convergence R-1 =   1.6995084E-02  chain steps =       22377
 slow changes       16085  power changes           0
CAMB called 16100 times; 0 errors
CAMB called 16200 times; 0 errors
CAMB called 16300 times; 0 errors
CAMB called 16400 times; 0 errors
CAMB called 16500 times; 0 errors
CAMB called 16600 times; 0 errors
CAMB called 16700 times; 0 errors
CAMB called 16800 times; 0 errors
CAMB called 16900 times; 0 errors
CAMB called 17000 times; 0 errors
CAMB called 17100 times; 0 errors
 Current convergence R-1 =   1.9558428E-02  chain steps =       23879
 slow changes       17125  power changes           0
CAMB called 17200 times; 0 errors
CAMB called 17300 times; 0 errors
CAMB called 17400 times; 0 errors
CAMB called 17500 times; 0 errors
CAMB called 17600 times; 0 errors
CAMB called 17700 times; 0 errors
CAMB called 17800 times; 0 errors
CAMB called 17900 times; 0 errors
CAMB called 18000 times; 0 errors
CAMB called 18100 times; 0 errors
 Current convergence R-1 =   1.8840786E-02  chain steps =       25217
 slow changes       18102  power changes           0
CAMB called 18200 times; 0 errors
CAMB called 18300 times; 0 errors
CAMB called 18400 times; 0 errors
CAMB called 18500 times; 0 errors
CAMB called 18600 times; 0 errors
CAMB called 18700 times; 0 errors
CAMB called 18800 times; 0 errors
CAMB called 18900 times; 0 errors
CAMB called 19000 times; 0 errors
CAMB called 19100 times; 0 errors
 Current convergence R-1 =   1.6898988E-02  chain steps =       26668
 slow changes       19151  power changes           0
CAMB called 19200 times; 0 errors
CAMB called 19300 times; 0 errors
CAMB called 19400 times; 0 errors
CAMB called 19500 times; 0 errors
CAMB called 19600 times; 0 errors
CAMB called 19700 times; 0 errors
CAMB called 19800 times; 0 errors
CAMB called 19900 times; 0 errors
CAMB called 20000 times; 0 errors
CAMB called 20100 times; 0 errors
 Current convergence R-1 =   1.6857149E-02  chain steps =       28014
 slow changes       20160  power changes           0
CAMB called 20200 times; 0 errors
CAMB called 20300 times; 0 errors
CAMB called 20400 times; 0 errors
CAMB called 20500 times; 0 errors
CAMB called 20600 times; 0 errors
CAMB called 20700 times; 0 errors
CAMB called 20800 times; 0 errors
CAMB called 20900 times; 0 errors
CAMB called 21000 times; 0 errors
CAMB called 21100 times; 0 errors
CAMB called 21200 times; 0 errors
 Current convergence R-1 =   2.1767071E-02  chain steps =       29511
 slow changes       21202  power changes           0
CAMB called 21300 times; 0 errors
CAMB called 21400 times; 0 errors
CAMB called 21500 times; 0 errors
CAMB called 21600 times; 0 errors
CAMB called 21700 times; 0 errors
CAMB called 21800 times; 0 errors
CAMB called 21900 times; 0 errors
CAMB called 22000 times; 0 errors
CAMB called 22100 times; 0 errors
 Current convergence R-1 =   2.1196978E-02  chain steps =       30909
 slow changes       22196  power changes           0
CAMB called 22200 times; 0 errors
CAMB called 22300 times; 0 errors
CAMB called 22400 times; 0 errors
CAMB called 22500 times; 0 errors
CAMB called 22600 times; 0 errors
CAMB called 22700 times; 0 errors
CAMB called 22800 times; 0 errors
CAMB called 22900 times; 0 errors
CAMB called 23000 times; 0 errors
CAMB called 23100 times; 0 errors
CAMB called 23200 times; 0 errors
 Current convergence R-1 =   2.3925785E-02  chain steps =       32433
 slow changes       23230  power changes           0
CAMB called 23300 times; 0 errors
CAMB called 23400 times; 0 errors
CAMB called 23500 times; 0 errors
CAMB called 23600 times; 0 errors
CAMB called 23700 times; 0 errors
CAMB called 23800 times; 0 errors
CAMB called 23900 times; 0 errors
CAMB called 24000 times; 0 errors
CAMB called 24100 times; 0 errors
CAMB called 24200 times; 0 errors
 Current convergence R-1 =   2.3597579E-02  chain steps =       33929
 slow changes       24247  power changes           0
CAMB called 24300 times; 0 errors
CAMB called 24400 times; 0 errors
CAMB called 24500 times; 0 errors
CAMB called 24600 times; 0 errors
CAMB called 24700 times; 0 errors
CAMB called 24800 times; 0 errors
CAMB called 24900 times; 0 errors
CAMB called 25000 times; 0 errors
CAMB called 25100 times; 0 errors
CAMB called 25200 times; 0 errors
 Current convergence R-1 =   2.0817449E-02  chain steps =       35268
 slow changes       25276  power changes           0
CAMB called 25300 times; 0 errors
CAMB called 25400 times; 0 errors
CAMB called 25500 times; 0 errors
CAMB called 25600 times; 0 errors
CAMB called 25700 times; 0 errors
CAMB called 25800 times; 0 errors
CAMB called 25900 times; 0 errors
CAMB called 26000 times; 0 errors
CAMB called 26100 times; 0 errors
CAMB called 26200 times; 0 errors
 Current convergence R-1 =   2.0851010E-02  chain steps =       36671
 slow changes       26294  power changes           0
CAMB called 26300 times; 0 errors
CAMB called 26400 times; 0 errors
CAMB called 26500 times; 0 errors
CAMB called 26600 times; 0 errors
CAMB called 26700 times; 0 errors
CAMB called 26800 times; 0 errors
CAMB called 26900 times; 0 errors
CAMB called 27000 times; 0 errors
CAMB called 27100 times; 0 errors
CAMB called 27200 times; 0 errors
 Current convergence R-1 =   2.4591427E-02  chain steps =       38049
 slow changes       27295  power changes           0
CAMB called 27300 times; 0 errors
CAMB called 27400 times; 0 errors
CAMB called 27500 times; 0 errors
CAMB called 27600 times; 0 errors
CAMB called 27700 times; 0 errors
CAMB called 27800 times; 0 errors
CAMB called 27900 times; 0 errors
CAMB called 28000 times; 0 errors
CAMB called 28100 times; 0 errors
CAMB called 28200 times; 0 errors
CAMB called 28300 times; 0 errors
 Current convergence R-1 =   2.5341952E-02  chain steps =       39431
 slow changes       28300  power changes           0
CAMB called 28400 times; 0 errors
CAMB called 28500 times; 0 errors
CAMB called 28600 times; 0 errors
CAMB called 28700 times; 0 errors
CAMB called 28800 times; 0 errors
CAMB called 28900 times; 0 errors
CAMB called 29000 times; 0 errors
CAMB called 29100 times; 0 errors
CAMB called 29200 times; 0 errors
CAMB called 29300 times; 0 errors
 Current convergence R-1 =   2.6211383E-02  chain steps =       40836
 slow changes       29315  power changes           0
CAMB called 29400 times; 0 errors
CAMB called 29500 times; 0 errors
CAMB called 29600 times; 0 errors
CAMB called 29700 times; 0 errors
CAMB called 29800 times; 0 errors
CAMB called 29900 times; 0 errors
CAMB called 30000 times; 0 errors
CAMB called 30100 times; 0 errors
CAMB called 30200 times; 0 errors
CAMB called 30300 times; 0 errors
 Current convergence R-1 =   2.3844305E-02  chain steps =       42338
 slow changes       30367  power changes           0
CAMB called 30400 times; 0 errors
CAMB called 30500 times; 0 errors
CAMB called 30600 times; 0 errors
CAMB called 30700 times; 0 errors
CAMB called 30800 times; 0 errors
CAMB called 30900 times; 0 errors
CAMB called 31000 times; 0 errors
CAMB called 31100 times; 0 errors
CAMB called 31200 times; 0 errors
 Current convergence R-1 =   2.2918187E-02  chain steps =       43591
 slow changes       31299  power changes           0
CAMB called 31300 times; 0 errors
CAMB called 31400 times; 0 errors
CAMB called 31500 times; 0 errors
CAMB called 31600 times; 0 errors
CAMB called 31700 times; 0 errors
CAMB called 31800 times; 0 errors
CAMB called 31900 times; 0 errors
CAMB called 32000 times; 0 errors
CAMB called 32100 times; 0 errors
CAMB called 32200 times; 0 errors
 Current convergence R-1 =   2.2770761E-02  chain steps =       44970
 slow changes       32258  power changes           0
CAMB called 32300 times; 0 errors
CAMB called 32400 times; 0 errors
CAMB called 32500 times; 0 errors
CAMB called 32600 times; 0 errors
CAMB called 32700 times; 0 errors
CAMB called 32800 times; 0 errors
CAMB called 32900 times; 0 errors
CAMB called 33000 times; 0 errors
CAMB called 33100 times; 0 errors
CAMB called 33200 times; 0 errors
 Current convergence R-1 =   2.5362879E-02  chain steps =       46280
 slow changes       33235  power changes           0
CAMB called 33300 times; 0 errors
CAMB called 33400 times; 0 errors
CAMB called 33500 times; 0 errors
CAMB called 33600 times; 0 errors
CAMB called 33700 times; 0 errors
Re-starting from checkpoint
CAMB called 100 times; 0 errors
CAMB called 200 times; 0 errors
CAMB called 300 times; 0 errors
CAMB called 400 times; 0 errors
 Current convergence R-1 =   2.5518784E-02  chain steps =         646
 slow changes         486  power changes           0
CAMB called 500 times; 0 errors
CAMB called 600 times; 0 errors
CAMB called 700 times; 0 errors
CAMB called 800 times; 0 errors
CAMB called 900 times; 0 errors
CAMB called 1000 times; 0 errors
CAMB called 1100 times; 0 errors
CAMB called 1200 times; 0 errors
CAMB called 1300 times; 0 errors
CAMB called 1400 times; 0 errors
 Current convergence R-1 =   2.3031222E-02  chain steps =        2078
 slow changes        1484  power changes           0
CAMB called 1500 times; 0 errors
CAMB called 1600 times; 0 errors
CAMB called 1700 times; 0 errors
CAMB called 1800 times; 0 errors
CAMB called 1900 times; 0 errors
CAMB called 2000 times; 0 errors
CAMB called 2100 times; 0 errors
CAMB called 2200 times; 0 errors
CAMB called 2300 times; 0 errors
CAMB called 2400 times; 0 errors
CAMB called 2500 times; 0 errors
 Current convergence R-1 =   2.1221429E-02  chain steps =        3583
 slow changes        2573  power changes           0
CAMB called 2600 times; 0 errors
CAMB called 2700 times; 0 errors
CAMB called 2800 times; 0 errors
CAMB called 2900 times; 0 errors
CAMB called 3000 times; 0 errors
CAMB called 3100 times; 0 errors
CAMB called 3200 times; 0 errors
CAMB called 3300 times; 0 errors
CAMB called 3400 times; 0 errors
CAMB called 3500 times; 0 errors
CAMB called 3600 times; 0 errors
 Current convergence R-1 =   1.9211339E-02  chain steps =        5005
 slow changes        3619  power changes           0
CAMB called 3700 times; 0 errors
CAMB called 3800 times; 0 errors
CAMB called 3900 times; 0 errors
CAMB called 4000 times; 0 errors
CAMB called 4100 times; 0 errors
CAMB called 4200 times; 0 errors
CAMB called 4300 times; 0 errors
CAMB called 4400 times; 0 errors
CAMB called 4500 times; 0 errors
CAMB called 4600 times; 0 errors
 Current convergence R-1 =   1.7073262E-02  chain steps =        6391
 slow changes        4629  power changes           0
CAMB called 4700 times; 0 errors
CAMB called 4800 times; 0 errors
CAMB called 4900 times; 0 errors
CAMB called 5000 times; 0 errors
CAMB called 5100 times; 0 errors
CAMB called 5200 times; 0 errors
CAMB called 5300 times; 0 errors
CAMB called 5400 times; 0 errors
CAMB called 5500 times; 0 errors
CAMB called 5600 times; 0 errors
 Current convergence R-1 =   1.4309966E-02  chain steps =        7754
 slow changes        5650  power changes           0
CAMB called 5700 times; 0 errors
CAMB called 5800 times; 0 errors
CAMB called 5900 times; 0 errors
CAMB called 6000 times; 0 errors
CAMB called 6100 times; 0 errors
CAMB called 6200 times; 0 errors
CAMB called 6300 times; 0 errors
CAMB called 6400 times; 0 errors
CAMB called 6500 times; 0 errors
CAMB called 6600 times; 0 errors
 Current convergence R-1 =   1.6644599E-02  chain steps =        9204
 slow changes        6651  power changes           0
CAMB called 6700 times; 0 errors
CAMB called 6800 times; 0 errors
CAMB called 6900 times; 0 errors
CAMB called 7000 times; 0 errors
CAMB called 7100 times; 0 errors
CAMB called 7200 times; 0 errors
CAMB called 7300 times; 0 errors
CAMB called 7400 times; 0 errors
CAMB called 7500 times; 0 errors
CAMB called 7600 times; 0 errors
CAMB called 7700 times; 0 errors
 Current convergence R-1 =   1.7969487E-02  chain steps =       10685
 slow changes        7702  power changes           0
CAMB called 7800 times; 0 errors
CAMB called 7900 times; 0 errors
CAMB called 8000 times; 0 errors
CAMB called 8100 times; 0 errors
CAMB called 8200 times; 0 errors
CAMB called 8300 times; 0 errors
CAMB called 8400 times; 0 errors
CAMB called 8500 times; 0 errors
CAMB called 8600 times; 0 errors
CAMB called 8700 times; 0 errors
 Current convergence R-1 =   1.9558761E-02  chain steps =       12123
 slow changes        8739  power changes           0
CAMB called 8800 times; 0 errors
CAMB called 8900 times; 0 errors
CAMB called 9000 times; 0 errors
CAMB called 9100 times; 0 errors
CAMB called 9200 times; 0 errors
CAMB called 9300 times; 0 errors
CAMB called 9400 times; 0 errors
CAMB called 9500 times; 0 errors
CAMB called 9600 times; 0 errors
CAMB called 9700 times; 0 errors
 Current convergence R-1 =   1.8725337E-02  chain steps =       13422
 slow changes        9734  power changes           0
CAMB called 9800 times; 0 errors
CAMB called 9900 times; 0 errors
CAMB called 10000 times; 0 errors
CAMB called 10100 times; 0 errors
CAMB called 10200 times; 0 errors
CAMB called 10300 times; 0 errors
CAMB called 10400 times; 0 errors
CAMB called 10500 times; 0 errors
CAMB called 10600 times; 0 errors
CAMB called 10700 times; 0 errors
 Current convergence R-1 =   1.8887963E-02  chain steps =       14892
 slow changes       10720  power changes           0
CAMB called 10800 times; 0 errors
CAMB called 10900 times; 0 errors
CAMB called 11000 times; 0 errors
CAMB called 11100 times; 0 errors
CAMB called 11200 times; 0 errors
CAMB called 11300 times; 0 errors
CAMB called 11400 times; 0 errors
CAMB called 11500 times; 0 errors
CAMB called 11600 times; 0 errors
CAMB called 11700 times; 0 errors
 Current convergence R-1 =   1.7286861E-02  chain steps =       16250
 slow changes       11703  power changes           0
CAMB called 11800 times; 0 errors
CAMB called 11900 times; 0 errors
CAMB called 12000 times; 0 errors
CAMB called 12100 times; 0 errors
CAMB called 12200 times; 0 errors
CAMB called 12300 times; 0 errors
CAMB called 12400 times; 0 errors
CAMB called 12500 times; 0 errors
CAMB called 12600 times; 0 errors
CAMB called 12700 times; 0 errors
 Current convergence R-1 =   1.6154697E-02  chain steps =       17695
 slow changes       12746  power changes           0
CAMB called 12800 times; 0 errors
CAMB called 12900 times; 0 errors
CAMB called 13000 times; 0 errors
CAMB called 13100 times; 0 errors
CAMB called 13200 times; 0 errors
CAMB called 13300 times; 0 errors
CAMB called 13400 times; 0 errors
CAMB called 13500 times; 0 errors
CAMB called 13600 times; 0 errors
 Current convergence R-1 =   1.5806621E-02  chain steps =       18954
 slow changes       13688  power changes           0
CAMB called 13700 times; 0 errors
CAMB called 13800 times; 0 errors
CAMB called 13900 times; 0 errors
CAMB called 14000 times; 0 errors
CAMB called 14100 times; 0 errors
CAMB called 14200 times; 0 errors
CAMB called 14300 times; 0 errors
CAMB called 14400 times; 0 errors
CAMB called 14500 times; 0 errors
CAMB called 14600 times; 0 errors
CAMB called 14700 times; 0 errors
 Current convergence R-1 =   1.6482385E-02  chain steps =       20349
 slow changes       14700  power changes           0
CAMB called 14800 times; 0 errors
CAMB called 14900 times; 0 errors
CAMB called 15000 times; 0 errors
CAMB called 15100 times; 0 errors
CAMB called 15200 times; 0 errors
CAMB called 15300 times; 0 errors
CAMB called 15400 times; 0 errors
CAMB called 15500 times; 0 errors
CAMB called 15600 times; 0 errors
 Current convergence R-1 =   1.5339073E-02  chain steps =       21689
 slow changes       15679  power changes           0
CAMB called 15700 times; 0 errors
CAMB called 15800 times; 0 errors
CAMB called 15900 times; 0 errors
CAMB called 16000 times; 0 errors
CAMB called 16100 times; 0 errors
CAMB called 16200 times; 0 errors
CAMB called 16300 times; 0 errors
CAMB called 16400 times; 0 errors
CAMB called 16500 times; 0 errors
CAMB called 16600 times; 0 errors
CAMB called 16700 times; 0 errors
 Current convergence R-1 =   1.5570777E-02  chain steps =       23091
 slow changes       16702  power changes           0
CAMB called 16800 times; 0 errors
CAMB called 16900 times; 0 errors
CAMB called 17000 times; 0 errors
CAMB called 17100 times; 0 errors
CAMB called 17200 times; 0 errors
CAMB called 17300 times; 0 errors
CAMB called 17400 times; 0 errors
CAMB called 17500 times; 0 errors
CAMB called 17600 times; 0 errors
 Current convergence R-1 =   1.3674791E-02  chain steps =       24456
 slow changes       17683  power changes           0
CAMB called 17700 times; 0 errors
CAMB called 17800 times; 0 errors
CAMB called 17900 times; 0 errors
CAMB called 18000 times; 0 errors
CAMB called 18100 times; 0 errors
CAMB called 18200 times; 0 errors
CAMB called 18300 times; 0 errors
CAMB called 18400 times; 0 errors
CAMB called 18500 times; 0 errors
CAMB called 18600 times; 0 errors
 Current convergence R-1 =   1.4208560E-02  chain steps =       25731
 slow changes       18656  power changes           0
CAMB called 18700 times; 0 errors
CAMB called 18800 times; 0 errors
CAMB called 18900 times; 0 errors
CAMB called 19000 times; 0 errors
CAMB called 19100 times; 0 errors
CAMB called 19200 times; 0 errors
CAMB called 19300 times; 0 errors
CAMB called 19400 times; 0 errors
CAMB called 19500 times; 0 errors
CAMB called 19600 times; 0 errors
 Current convergence R-1 =   1.3511475E-02  chain steps =       27141
 slow changes       19670  power changes           0
CAMB called 19700 times; 0 errors
CAMB called 19800 times; 0 errors
CAMB called 19900 times; 0 errors
CAMB called 20000 times; 0 errors
CAMB called 20100 times; 0 errors
CAMB called 20200 times; 0 errors
CAMB called 20300 times; 0 errors
CAMB called 20400 times; 0 errors
CAMB called 20500 times; 0 errors
CAMB called 20600 times; 0 errors
 Current convergence R-1 =   1.3390648E-02  chain steps =       28484
 slow changes       20632  power changes           0
CAMB called 20700 times; 0 errors
CAMB called 20800 times; 0 errors
CAMB called 20900 times; 0 errors
CAMB called 21000 times; 0 errors
CAMB called 21100 times; 0 errors
CAMB called 21200 times; 0 errors
CAMB called 21300 times; 0 errors
CAMB called 21400 times; 0 errors
CAMB called 21500 times; 0 errors
CAMB called 21600 times; 0 errors
 Current convergence R-1 =   1.4251592E-02  chain steps =       29844
 slow changes       21641  power changes           0
CAMB called 21700 times; 0 errors
CAMB called 21800 times; 0 errors
CAMB called 21900 times; 0 errors
CAMB called 22000 times; 0 errors
CAMB called 22100 times; 0 errors
CAMB called 22200 times; 0 errors
CAMB called 22300 times; 0 errors
CAMB called 22400 times; 0 errors
CAMB called 22500 times; 0 errors
CAMB called 22600 times; 0 errors
 Current convergence R-1 =   1.6492849E-02  chain steps =       31195
 slow changes       22606  power changes           0
CAMB called 22700 times; 0 errors
CAMB called 22800 times; 0 errors
CAMB called 22900 times; 0 errors
CAMB called 23000 times; 0 errors
CAMB called 23100 times; 0 errors
CAMB called 23200 times; 0 errors
CAMB called 23300 times; 0 errors
CAMB called 23400 times; 0 errors
CAMB called 23500 times; 0 errors
 Current convergence R-1 =   1.7701011E-02  chain steps =       32483
 slow changes       23544  power changes           0
CAMB called 23600 times; 0 errors
CAMB called 23700 times; 0 errors
CAMB called 23800 times; 0 errors
CAMB called 23900 times; 0 errors
CAMB called 24000 times; 0 errors
CAMB called 24100 times; 0 errors
CAMB called 24200 times; 0 errors
CAMB called 24300 times; 0 errors
CAMB called 24400 times; 0 errors
CAMB called 24500 times; 0 errors
CAMB called 24600 times; 0 errors
 Current convergence R-1 =   1.5886512E-02  chain steps =       34126
 slow changes       24610  power changes           0
CAMB called 24700 times; 0 errors
CAMB called 24800 times; 0 errors
CAMB called 24900 times; 0 errors
CAMB called 25000 times; 0 errors
CAMB called 25100 times; 0 errors
CAMB called 25200 times; 0 errors
CAMB called 25300 times; 0 errors
CAMB called 25400 times; 0 errors
CAMB called 25500 times; 0 errors
CAMB called 25600 times; 0 errors
 Current convergence R-1 =   1.4556879E-02  chain steps =       35503
 slow changes       25628  power changes           0
CAMB called 25700 times; 0 errors
CAMB called 25800 times; 0 errors
CAMB called 25900 times; 0 errors
CAMB called 26000 times; 0 errors
CAMB called 26100 times; 0 errors
CAMB called 26200 times; 0 errors
CAMB called 26300 times; 0 errors
CAMB called 26400 times; 0 errors
CAMB called 26500 times; 0 errors
CAMB called 26600 times; 0 errors
 Current convergence R-1 =   1.3944629E-02  chain steps =       36888
 slow changes       26660  power changes           0
CAMB called 26700 times; 0 errors
CAMB called 26800 times; 0 errors
CAMB called 26900 times; 0 errors
CAMB called 27000 times; 0 errors
CAMB called 27100 times; 0 errors
CAMB called 27200 times; 0 errors
CAMB called 27300 times; 0 errors
CAMB called 27400 times; 0 errors
CAMB called 27500 times; 0 errors
CAMB called 27600 times; 0 errors
CAMB called 27700 times; 0 errors
 Current convergence R-1 =   1.2682332E-02  chain steps =       38348
 slow changes       27738  power changes           0
CAMB called 27800 times; 0 errors
CAMB called 27900 times; 0 errors
CAMB called 28000 times; 0 errors
CAMB called 28100 times; 0 errors
CAMB called 28200 times; 0 errors
CAMB called 28300 times; 0 errors
CAMB called 28400 times; 0 errors
CAMB called 28500 times; 0 errors
CAMB called 28600 times; 0 errors
CAMB called 28700 times; 0 errors
 Current convergence R-1 =   1.0819948E-02  chain steps =       39817
 slow changes       28777  power changes           0
CAMB called 28800 times; 0 errors
CAMB called 28900 times; 0 errors
CAMB called 29000 times; 0 errors
CAMB called 29100 times; 0 errors
CAMB called 29200 times; 0 errors
CAMB called 29300 times; 0 errors
CAMB called 29400 times; 0 errors
CAMB called 29500 times; 0 errors
CAMB called 29600 times; 0 errors
CAMB called 29700 times; 0 errors
 Current convergence R-1 =   1.0118279E-02  chain steps =       41228
 slow changes       29758  power changes           0
CAMB called 29800 times; 0 errors
CAMB called 29900 times; 0 errors
CAMB called 30000 times; 0 errors
CAMB called 30100 times; 0 errors
CAMB called 30200 times; 0 errors
CAMB called 30300 times; 0 errors
CAMB called 30400 times; 0 errors
CAMB called 30500 times; 0 errors
CAMB called 30600 times; 0 errors
CAMB called 30700 times; 0 errors
 Current convergence R-1 =   9.8036518E-03  chain steps =       42580
 slow changes       30739  power changes           0
CAMB called 30800 times; 0 errors
CAMB called 30900 times; 0 errors
CAMB called 31000 times; 0 errors
CAMB called 31100 times; 0 errors
CAMB called 31200 times; 0 errors
CAMB called 31300 times; 0 errors
CAMB called 31400 times; 0 errors
CAMB called 31500 times; 0 errors
CAMB called 31600 times; 0 errors
CAMB called 31700 times; 0 errors
 Current convergence R-1 =   8.7348251E-03  chain steps =       43889
 slow changes       31706  power changes           0
Current limit err = 0.1097 for ns; samps = 137667                                                                               
